<?xml version="1.0" encoding="UTF-8"?>
<testsuite xmlns:xsi="http://www.w3.org/2001/XMLSchema-instance" xsi:noNamespaceSchemaLocation="https://maven.apache.org/surefire/maven-surefire-plugin/xsd/surefire-test-report.xsd" name="Hubcomfy Vendor Billing Address Olusturma" time="216.561" tests="11" errors="10" skipped="0" failures="0">
  <properties>
[...]
</properties>
  <testcase name="vendor_billing_address_olusturma #1" classname="Hubcomfy Vendor Billing Address Olusturma" time="115.154"/>
  <testcase name="vendor_billing_address_olusturma #2" classname="Hubcomfy Vendor Billing Address Olusturma" time="100.204">
    <error message="no such window: target window already closed&#10;from unknown error: web view not found&#10;  (Session info: chrome=110.0.5481.178)&#10;Build info: version: &apos;4.8.1&apos;, revision: &apos;8ebccac989&apos;&#10;System info: os.name: &apos;Windows 10&apos;, os.arch: &apos;amd64&apos;, os.version: &apos;10.0&apos;, java.version: &apos;11.0.16.1&apos;&#10;Driver info: org.openqa.selenium.chrome.ChromeDriver&#10;Command: [5af4e898e203a60e22816564dd7a7520, maximizeCurrentWindow {}]&#10;Capabilities {acceptInsecureCerts: false, browserName: chrome, browserVersion: 110.0.5481.178, chrome: {chromedriverVersion: 110.0.5481.77 (65ed616c6e8e..., userDataDir: C:\Users\Hp\AppData\Local\T...}, goog:chromeOptions: {debuggerAddress: localhost:57640}, networkConnectionEnabled: false, pageLoadStrategy: normal, platformName: WINDOWS, proxy: Proxy(), se:cdp: ws://localhost:57640/devtoo..., se:cdpVersion: 110.0.5481.178, setWindowRect: true, strictFileInteractability: false, timeouts: {implicit: 0, pageLoad: 300000, script: 30000}, unhandledPromptBehavior: dismiss and notify, webauthn:extension:credBlob: true, webauthn:extension:largeBlob: true, webauthn:virtualAuthenticators: true}&#10;Session ID: 5af4e898e203a60e22816564dd7a7520" type="org.openqa.selenium.NoSuchWindowException">org.openqa.selenium.NoSuchWindowException: 
no such window: target window already closed
from unknown error: web view not found
  (Session info: chrome=110.0.5481.178)
Build info: version: '4.8.1', revision: '8ebccac989'
System info: os.name: 'Windows 10', os.arch: 'amd64', os.version: '10.0', java.version: '11.0.16.1'
Driver info: org.openqa.selenium.chrome.ChromeDriver
Command: [5af4e898e203a60e22816564dd7a7520, maximizeCurrentWindow {}]
Capabilities {acceptInsecureCerts: false, browserName: chrome, browserVersion: 110.0.5481.178, chrome: {chromedriverVersion: 110.0.5481.77 (65ed616c6e8e..., userDataDir: C:\Users\Hp\AppData\Local\T...}, goog:chromeOptions: {debuggerAddress: localhost:57640}, networkConnectionEnabled: false, pageLoadStrategy: normal, platformName: WINDOWS, proxy: Proxy(), se:cdp: ws://localhost:57640/devtoo..., se:cdpVersion: 110.0.5481.178, setWindowRect: true, strictFileInteractability: false, timeouts: {implicit: 0, pageLoad: 300000, script: 30000}, unhandledPromptBehavior: dismiss and notify, webauthn:extension:credBlob: true, webauthn:extension:largeBlob: true, webauthn:virtualAuthenticators: true}
Session ID: 5af4e898e203a60e22816564dd7a7520
</error>
    <system-out><![CDATA[
@billing_address @testrunner
Scenario Outline: vendor_billing_address_olusturma    # src/test/resources/features/vendorbillingaddress.feature:40
  Given Kullanici Hubcomfy sayfasina gider            # stepdefinitions.HubcomfyLoginStepDefinitions.kullanici_hubcomfy_sayfasina_gider()
  Then Kullanici signin butonuna tiklar               # stepdefinitions.HubcomfyLoginStepDefinitions.kullanici_signin_butonuna_tiklar()
  Then Kullanici email girer                          # stepdefinitions.HubcomfyLoginStepDefinitions.kullanici_email_girer()
  Then Kullanici password girer                       # stepdefinitions.HubcomfyLoginStepDefinitions.kullanici_password_girer()
  Then Kullanici login butonuna tiklar                # stepdefinitions.HubcomfyLoginStepDefinitions.kullanici_login_butonuna_tiklar()
  Then Kullanici anasayfada oldugunu dogrular         # stepdefinitions.HubcomfyLoginStepDefinitions.kullanici_anasayfada_oldugunu_dogrular()
  Then Kullanici my account yazisina tiklar           # stepdefinitions.HubcomfyLoginStepDefinitions.kullanici_my_account_yazisina_tiklar()
  Then Kullanici address yazisina tiklar              # stepdefinitions.HubcomfyLoginStepDefinitions.kullanici_address_yazisina_tiklar()
  Then Kullanici edit buton yazisina tiklar           # stepdefinitions.HubcomfyLoginStepDefinitions.kullanici_edit_buton_yazisina_tiklar()
  Then Kullanici var olan onceki bilgileri siler      # stepdefinitions.VendorBillingAddressStepDefinitions.kullanici_var_olan_onceki_bilgileri_siler()
  Then Kullanici first name alanina "" girer          # stepdefinitions.VendorBillingAddressStepDefinitions.kullanici_first_name_alanina_girer(java.lang.String)
  Then Kullanici last name alanina "Can" girer        # stepdefinitions.VendorBillingAddressStepDefinitions.kullanici_last_name_alanina_girer(java.lang.String)
  Then Kullanici company name alanina "Techpro" girer # stepdefinitions.VendorBillingAddressStepDefinitions.kullanici_company_name_alanina_girer(java.lang.String)
  Then Kullanici country alanini tiklar               # stepdefinitions.VendorBillingAddressStepDefinitions.kullanici_country_alanini_tiklar()
  Then Kullanici dropdown alanini tiklar              # stepdefinitions.VendorBillingAddressStepDefinitions.kullanici_dropdown_alanini_tiklar()
  Then Kullanici country alanina Turkey girer         # stepdefinitions.VendorBillingAddressStepDefinitions.kullaniciCountryAlaninaTurkeyGirer()
  Then Kullanici street1 alanina "Sevgi mah" girer    # stepdefinitions.VendorBillingAddressStepDefinitions.kullanici_street1_alanina_girer(java.lang.String)
  Then Kullanici street2 alanina "Vefa sok." girer    # stepdefinitions.VendorBillingAddressStepDefinitions.kullanici_street2_alanina_girer(java.lang.String)
  Then Kullanici zipcode alanina "12345" girer        # stepdefinitions.VendorBillingAddressStepDefinitions.kullanici_zipcode_alanina_girer(java.lang.String)
  Then Kullanici town city alanina "Ceyhan" girer     # stepdefinitions.VendorBillingAddressStepDefinitions.kullanici_town_city_alanina_girer(java.lang.String)
  Then Kullanici province alanini tiklar              # stepdefinitions.VendorBillingAddressStepDefinitions.kullanici_province_alanini_tiklar()
  Then Kullanici province dropdownu tiklar            # stepdefinitions.VendorBillingAddressStepDefinitions.kullanici_province_dropdownu_tiklar()
  Then Kullanici province alanina Adana girer         # stepdefinitions.VendorBillingAddressStepDefinitions.kullaniciProvinceAlaninaAdanaGirer()
  Then Kullanici phone alanina "0555 444 33 22" girer # stepdefinitions.VendorBillingAddressStepDefinitions.kullanici_phone_alanina_girer(java.lang.String)
  Then Kullanici save butonuna tiklar                 # stepdefinitions.VendorBillingAddressStepDefinitions.kullanici_save_butonuna_tiklar()
      org.openqa.selenium.NoSuchWindowException: no such window: target window already closed
from unknown error: web view not found
  (Session info: chrome=110.0.5481.178)
Build info: version: '4.8.1', revision: '8ebccac989'
System info: os.name: 'Windows 10', os.arch: 'amd64', os.version: '10.0', java.version: '11.0.16.1'
Driver info: org.openqa.selenium.chrome.ChromeDriver
Command: [5af4e898e203a60e22816564dd7a7520, maximizeCurrentWindow {}]
Capabilities {acceptInsecureCerts: false, browserName: chrome, browserVersion: 110.0.5481.178, chrome: {chromedriverVersion: 110.0.5481.77 (65ed616c6e8e..., userDataDir: C:\Users\Hp\AppData\Local\T...}, goog:chromeOptions: {debuggerAddress: localhost:57640}, networkConnectionEnabled: false, pageLoadStrategy: normal, platformName: WINDOWS, proxy: Proxy(), se:cdp: ws://localhost:57640/devtoo..., se:cdpVersion: 110.0.5481.178, setWindowRect: true, strictFileInteractability: false, timeouts: {implicit: 0, pageLoad: 300000, script: 30000}, unhandledPromptBehavior: dismiss and notify, webauthn:extension:credBlob: true, webauthn:extension:largeBlob: true, webauthn:virtualAuthenticators: true}
Session ID: 5af4e898e203a60e22816564dd7a7520
	at java.base/jdk.internal.reflect.NativeConstructorAccessorImpl.newInstance0(Native Method)
	at java.base/jdk.internal.reflect.NativeConstructorAccessorImpl.newInstance(NativeConstructorAccessorImpl.java:62)
	at java.base/jdk.internal.reflect.DelegatingConstructorAccessorImpl.newInstance(DelegatingConstructorAccessorImpl.java:45)
	at java.base/java.lang.reflect.Constructor.newInstance(Constructor.java:490)
	at org.openqa.selenium.remote.codec.w3c.W3CHttpResponseCodec.createException(W3CHttpResponseCodec.java:200)
	at org.openqa.selenium.remote.codec.w3c.W3CHttpResponseCodec.decode(W3CHttpResponseCodec.java:133)
	at org.openqa.selenium.remote.codec.w3c.W3CHttpResponseCodec.decode(W3CHttpResponseCodec.java:53)
	at org.openqa.selenium.remote.HttpCommandExecutor.execute(HttpCommandExecutor.java:184)
	at org.openqa.selenium.remote.service.DriverCommandExecutor.invokeExecute(DriverCommandExecutor.java:167)
	at org.openqa.selenium.remote.service.DriverCommandExecutor.execute(DriverCommandExecutor.java:142)
	at org.openqa.selenium.remote.RemoteWebDriver.execute(RemoteWebDriver.java:543)
	at org.openqa.selenium.remote.RemoteWebDriver.execute(RemoteWebDriver.java:598)
	at org.openqa.selenium.remote.RemoteWebDriver.execute(RemoteWebDriver.java:602)
	at org.openqa.selenium.remote.RemoteWebDriver$RemoteWebDriverOptions$RemoteWindow.maximize(RemoteWebDriver.java:954)
	at utilities.Driver.getDriver(Driver.java:54)
	at utilities.ReusableMethods.takeScreenShotOfPage(ReusableMethods.java:279)
	at stepdefinitions.VendorBillingAddressStepDefinitions.kullanici_save_butonuna_tiklar(VendorBillingAddressStepDefinitions.java:115)
	at ?.Kullanici save butonuna tiklar(file:///C:/Users/Hp/IdeaProjects/Cucumber_MyFramework/src/test/resources/features/vendorbillingaddress.feature:29)

  Then Kullanici driveri kapatir                      # stepdefinitions.VendorBillingAddressStepDefinitions.kullaniciDriveriKapatir()
]]></system-out>
    <system-err><![CDATA[Starting ChromeDriver 110.0.5481.77 (65ed616c6e8ee3fe0ad64fe83796c020644d42af-refs/branch-heads/5481@{#839}) on port 21497
Only local connections are allowed.
Please see https://chromedriver.chromium.org/security-considerations for suggestions on keeping ChromeDriver safe.
ChromeDriver was started successfully.
[1678003115.172][WARNING]: virtual void DevToolsClientImpl::AddListener(DevToolsEventListener *) subscribing a listener to the already connected DevToolsClient. Connection notification will not arrive.
]]></system-err>
  </testcase>
  <testcase name="vendor_billing_address_olusturma #3" classname="Hubcomfy Vendor Billing Address Olusturma" time="0.142">
    <error message="Failed to instantiate class stepdefinitions.HubcomfyLoginStepDefinitions" type="io.cucumber.core.exception.CucumberException">io.cucumber.core.exception.CucumberException: Failed to instantiate class stepdefinitions.HubcomfyLoginStepDefinitions
Caused by: java.lang.reflect.InvocationTargetException
Caused by: org.openqa.selenium.NoSuchWindowException: 
no such window: target window already closed
from unknown error: web view not found
  (Session info: chrome=110.0.5481.178)
Build info: version: '4.8.1', revision: '8ebccac989'
System info: os.name: 'Windows 10', os.arch: 'amd64', os.version: '10.0', java.version: '11.0.16.1'
Driver info: org.openqa.selenium.chrome.ChromeDriver
Command: [5af4e898e203a60e22816564dd7a7520, maximizeCurrentWindow {}]
Capabilities {acceptInsecureCerts: false, browserName: chrome, browserVersion: 110.0.5481.178, chrome: {chromedriverVersion: 110.0.5481.77 (65ed616c6e8e..., userDataDir: C:\Users\Hp\AppData\Local\T...}, goog:chromeOptions: {debuggerAddress: localhost:57640}, networkConnectionEnabled: false, pageLoadStrategy: normal, platformName: WINDOWS, proxy: Proxy(), se:cdp: ws://localhost:57640/devtoo..., se:cdpVersion: 110.0.5481.178, setWindowRect: true, strictFileInteractability: false, timeouts: {implicit: 0, pageLoad: 300000, script: 30000}, unhandledPromptBehavior: dismiss and notify, webauthn:extension:credBlob: true, webauthn:extension:largeBlob: true, webauthn:virtualAuthenticators: true}
Session ID: 5af4e898e203a60e22816564dd7a7520
</error>
    <system-out><![CDATA[
@billing_address @testrunner
Scenario Outline: vendor_billing_address_olusturma    # src/test/resources/features/vendorbillingaddress.feature:41
  Given Kullanici Hubcomfy sayfasina gider            # stepdefinitions.HubcomfyLoginStepDefinitions.kullanici_hubcomfy_sayfasina_gider()
      io.cucumber.core.exception.CucumberException: Failed to instantiate class stepdefinitions.HubcomfyLoginStepDefinitions
	at io.cucumber.core.backend.DefaultObjectFactory.cacheNewInstance(DefaultObjectFactory.java:67)
	at io.cucumber.core.backend.DefaultObjectFactory.getInstance(DefaultObjectFactory.java:45)
	at io.cucumber.java.AbstractGlueDefinition.invokeMethod(AbstractGlueDefinition.java:47)
	at io.cucumber.java.JavaStepDefinition.execute(JavaStepDefinition.java:29)
	at io.cucumber.core.runner.CoreStepDefinition.execute(CoreStepDefinition.java:66)
	at io.cucumber.core.runner.PickleStepDefinitionMatch.runStep(PickleStepDefinitionMatch.java:63)
	at io.cucumber.core.runner.ExecutionMode$1.execute(ExecutionMode.java:10)
	at io.cucumber.core.runner.TestStep.executeStep(TestStep.java:84)
	at io.cucumber.core.runner.TestStep.run(TestStep.java:56)
	at io.cucumber.core.runner.PickleStepTestStep.run(PickleStepTestStep.java:51)
	at io.cucumber.core.runner.TestCase.run(TestCase.java:84)
	at io.cucumber.core.runner.Runner.runPickle(Runner.java:75)
	at io.cucumber.junit.PickleRunners$NoStepDescriptions.lambda$run$0(PickleRunners.java:151)
	at io.cucumber.core.runtime.CucumberExecutionContext.lambda$runTestCase$5(CucumberExecutionContext.java:130)
	at io.cucumber.core.runtime.RethrowingThrowableCollector.executeAndThrow(RethrowingThrowableCollector.java:23)
	at io.cucumber.core.runtime.CucumberExecutionContext.runTestCase(CucumberExecutionContext.java:130)
	at io.cucumber.junit.PickleRunners$NoStepDescriptions.run(PickleRunners.java:148)
	at io.cucumber.junit.FeatureRunner.runChild(FeatureRunner.java:144)
	at io.cucumber.junit.FeatureRunner.runChild(FeatureRunner.java:28)
	at org.junit.runners.ParentRunner$4.run(ParentRunner.java:331)
	at org.junit.runners.ParentRunner$1.schedule(ParentRunner.java:79)
	at org.junit.runners.ParentRunner.runChildren(ParentRunner.java:329)
	at org.junit.runners.ParentRunner.access$100(ParentRunner.java:66)
	at org.junit.runners.ParentRunner$2.evaluate(ParentRunner.java:293)
	at org.junit.runners.ParentRunner$3.evaluate(ParentRunner.java:306)
	at org.junit.runners.ParentRunner.run(ParentRunner.java:413)
	at io.cucumber.junit.FeatureRunner.run(FeatureRunner.java:137)
	at io.cucumber.junit.Cucumber.runChild(Cucumber.java:196)
	at io.cucumber.junit.Cucumber.runChild(Cucumber.java:89)
	at org.junit.runners.ParentRunner$4.run(ParentRunner.java:331)
	at org.apache.maven.surefire.junitcore.pc.Scheduler$1.run(Scheduler.java:405)
	at org.apache.maven.surefire.junitcore.pc.InvokerStrategy.schedule(InvokerStrategy.java:54)
	at org.apache.maven.surefire.junitcore.pc.Scheduler.schedule(Scheduler.java:362)
	at org.junit.runners.ParentRunner.runChildren(ParentRunner.java:329)
	at org.junit.runners.ParentRunner.access$100(ParentRunner.java:66)
	at org.junit.runners.ParentRunner$2.evaluate(ParentRunner.java:293)
	at io.cucumber.junit.Cucumber$RunBeforeAllHooks.evaluate(Cucumber.java:266)
	at io.cucumber.junit.Cucumber$RunAfterAllHooks.evaluate(Cucumber.java:281)
	at io.cucumber.junit.Cucumber$StartTestRun.evaluate(Cucumber.java:233)
	at io.cucumber.junit.Cucumber$FinishTestRun.evaluate(Cucumber.java:248)
	at org.junit.runners.ParentRunner$3.evaluate(ParentRunner.java:306)
	at org.junit.runners.ParentRunner.run(ParentRunner.java:413)
	at org.junit.runners.Suite.runChild(Suite.java:128)
	at org.junit.runners.Suite.runChild(Suite.java:27)
	at org.junit.runners.ParentRunner$4.run(ParentRunner.java:331)
	at org.apache.maven.surefire.junitcore.pc.Scheduler$1.run(Scheduler.java:405)
	at java.base/java.util.concurrent.Executors$RunnableAdapter.call(Executors.java:515)
	at java.base/java.util.concurrent.FutureTask.run(FutureTask.java:264)
	at java.base/java.util.concurrent.ThreadPoolExecutor.runWorker(ThreadPoolExecutor.java:1128)
	at java.base/java.util.concurrent.ThreadPoolExecutor$Worker.run(ThreadPoolExecutor.java:628)
	at java.base/java.lang.Thread.run(Thread.java:834)
Caused by: java.lang.reflect.InvocationTargetException
	at java.base/jdk.internal.reflect.NativeConstructorAccessorImpl.newInstance0(Native Method)
	at java.base/jdk.internal.reflect.NativeConstructorAccessorImpl.newInstance(NativeConstructorAccessorImpl.java:62)
	at java.base/jdk.internal.reflect.DelegatingConstructorAccessorImpl.newInstance(DelegatingConstructorAccessorImpl.java:45)
	at java.base/java.lang.reflect.Constructor.newInstance(Constructor.java:490)
	at io.cucumber.core.backend.DefaultObjectFactory.cacheNewInstance(DefaultObjectFactory.java:53)
	... 50 more
Caused by: org.openqa.selenium.NoSuchWindowException: no such window: target window already closed
from unknown error: web view not found
  (Session info: chrome=110.0.5481.178)
Build info: version: '4.8.1', revision: '8ebccac989'
System info: os.name: 'Windows 10', os.arch: 'amd64', os.version: '10.0', java.version: '11.0.16.1'
Driver info: org.openqa.selenium.chrome.ChromeDriver
Command: [5af4e898e203a60e22816564dd7a7520, maximizeCurrentWindow {}]
Capabilities {acceptInsecureCerts: false, browserName: chrome, browserVersion: 110.0.5481.178, chrome: {chromedriverVersion: 110.0.5481.77 (65ed616c6e8e..., userDataDir: C:\Users\Hp\AppData\Local\T...}, goog:chromeOptions: {debuggerAddress: localhost:57640}, networkConnectionEnabled: false, pageLoadStrategy: normal, platformName: WINDOWS, proxy: Proxy(), se:cdp: ws://localhost:57640/devtoo..., se:cdpVersion: 110.0.5481.178, setWindowRect: true, strictFileInteractability: false, timeouts: {implicit: 0, pageLoad: 300000, script: 30000}, unhandledPromptBehavior: dismiss and notify, webauthn:extension:credBlob: true, webauthn:extension:largeBlob: true, webauthn:virtualAuthenticators: true}
Session ID: 5af4e898e203a60e22816564dd7a7520
	at java.base/jdk.internal.reflect.NativeConstructorAccessorImpl.newInstance0(Native Method)
	at java.base/jdk.internal.reflect.NativeConstructorAccessorImpl.newInstance(NativeConstructorAccessorImpl.java:62)
	at java.base/jdk.internal.reflect.DelegatingConstructorAccessorImpl.newInstance(DelegatingConstructorAccessorImpl.java:45)
	at java.base/java.lang.reflect.Constructor.newInstance(Constructor.java:490)
	at org.openqa.selenium.remote.codec.w3c.W3CHttpResponseCodec.createException(W3CHttpResponseCodec.java:200)
	at org.openqa.selenium.remote.codec.w3c.W3CHttpResponseCodec.decode(W3CHttpResponseCodec.java:133)
	at org.openqa.selenium.remote.codec.w3c.W3CHttpResponseCodec.decode(W3CHttpResponseCodec.java:53)
	at org.openqa.selenium.remote.HttpCommandExecutor.execute(HttpCommandExecutor.java:184)
	at org.openqa.selenium.remote.service.DriverCommandExecutor.invokeExecute(DriverCommandExecutor.java:167)
	at org.openqa.selenium.remote.service.DriverCommandExecutor.execute(DriverCommandExecutor.java:142)
	at org.openqa.selenium.remote.RemoteWebDriver.execute(RemoteWebDriver.java:543)
	at org.openqa.selenium.remote.RemoteWebDriver.execute(RemoteWebDriver.java:598)
	at org.openqa.selenium.remote.RemoteWebDriver.execute(RemoteWebDriver.java:602)
	at org.openqa.selenium.remote.RemoteWebDriver$RemoteWebDriverOptions$RemoteWindow.maximize(RemoteWebDriver.java:954)
	at utilities.Driver.getDriver(Driver.java:54)
	at pages.HubcomfyLoginPage.<init>(HubcomfyLoginPage.java:12)
	at stepdefinitions.HubcomfyLoginStepDefinitions.<init>(HubcomfyLoginStepDefinitions.java:13)
	... 55 more

  Then Kullanici signin butonuna tiklar               # stepdefinitions.HubcomfyLoginStepDefinitions.kullanici_signin_butonuna_tiklar()
  Then Kullanici email girer                          # stepdefinitions.HubcomfyLoginStepDefinitions.kullanici_email_girer()
  Then Kullanici password girer                       # stepdefinitions.HubcomfyLoginStepDefinitions.kullanici_password_girer()
  Then Kullanici login butonuna tiklar                # stepdefinitions.HubcomfyLoginStepDefinitions.kullanici_login_butonuna_tiklar()
  Then Kullanici anasayfada oldugunu dogrular         # stepdefinitions.HubcomfyLoginStepDefinitions.kullanici_anasayfada_oldugunu_dogrular()
  Then Kullanici my account yazisina tiklar           # stepdefinitions.HubcomfyLoginStepDefinitions.kullanici_my_account_yazisina_tiklar()
  Then Kullanici address yazisina tiklar              # stepdefinitions.HubcomfyLoginStepDefinitions.kullanici_address_yazisina_tiklar()
  Then Kullanici edit buton yazisina tiklar           # stepdefinitions.HubcomfyLoginStepDefinitions.kullanici_edit_buton_yazisina_tiklar()
  Then Kullanici var olan onceki bilgileri siler      # stepdefinitions.VendorBillingAddressStepDefinitions.kullanici_var_olan_onceki_bilgileri_siler()
  Then Kullanici first name alanina "Ali" girer       # stepdefinitions.VendorBillingAddressStepDefinitions.kullanici_first_name_alanina_girer(java.lang.String)
  Then Kullanici last name alanina "" girer           # stepdefinitions.VendorBillingAddressStepDefinitions.kullanici_last_name_alanina_girer(java.lang.String)
  Then Kullanici company name alanina "Techpro" girer # stepdefinitions.VendorBillingAddressStepDefinitions.kullanici_company_name_alanina_girer(java.lang.String)
  Then Kullanici country alanini tiklar               # stepdefinitions.VendorBillingAddressStepDefinitions.kullanici_country_alanini_tiklar()
  Then Kullanici dropdown alanini tiklar              # stepdefinitions.VendorBillingAddressStepDefinitions.kullanici_dropdown_alanini_tiklar()
  Then Kullanici country alanina Turkey girer         # stepdefinitions.VendorBillingAddressStepDefinitions.kullaniciCountryAlaninaTurkeyGirer()
  Then Kullanici street1 alanina "Sevgi mah" girer    # stepdefinitions.VendorBillingAddressStepDefinitions.kullanici_street1_alanina_girer(java.lang.String)
  Then Kullanici street2 alanina "Vefa sok." girer    # stepdefinitions.VendorBillingAddressStepDefinitions.kullanici_street2_alanina_girer(java.lang.String)
  Then Kullanici zipcode alanina "12345" girer        # stepdefinitions.VendorBillingAddressStepDefinitions.kullanici_zipcode_alanina_girer(java.lang.String)
  Then Kullanici town city alanina "Ceyhan" girer     # stepdefinitions.VendorBillingAddressStepDefinitions.kullanici_town_city_alanina_girer(java.lang.String)
  Then Kullanici province alanini tiklar              # stepdefinitions.VendorBillingAddressStepDefinitions.kullanici_province_alanini_tiklar()
  Then Kullanici province dropdownu tiklar            # stepdefinitions.VendorBillingAddressStepDefinitions.kullanici_province_dropdownu_tiklar()
  Then Kullanici province alanina Adana girer         # stepdefinitions.VendorBillingAddressStepDefinitions.kullaniciProvinceAlaninaAdanaGirer()
  Then Kullanici phone alanina "0555 444 33 22" girer # stepdefinitions.VendorBillingAddressStepDefinitions.kullanici_phone_alanina_girer(java.lang.String)
  Then Kullanici save butonuna tiklar                 # stepdefinitions.VendorBillingAddressStepDefinitions.kullanici_save_butonuna_tiklar()
  Then Kullanici driveri kapatir                      # stepdefinitions.VendorBillingAddressStepDefinitions.kullaniciDriveriKapatir()
]]></system-out>
  </testcase>
  <testcase name="vendor_billing_address_olusturma #4" classname="Hubcomfy Vendor Billing Address Olusturma" time="0.101">
    <error message="Failed to instantiate class stepdefinitions.HubcomfyLoginStepDefinitions" type="io.cucumber.core.exception.CucumberException">io.cucumber.core.exception.CucumberException: Failed to instantiate class stepdefinitions.HubcomfyLoginStepDefinitions
Caused by: java.lang.reflect.InvocationTargetException
Caused by: org.openqa.selenium.NoSuchWindowException: 
no such window: target window already closed
from unknown error: web view not found
  (Session info: chrome=110.0.5481.178)
Build info: version: '4.8.1', revision: '8ebccac989'
System info: os.name: 'Windows 10', os.arch: 'amd64', os.version: '10.0', java.version: '11.0.16.1'
Driver info: org.openqa.selenium.chrome.ChromeDriver
Command: [5af4e898e203a60e22816564dd7a7520, maximizeCurrentWindow {}]
Capabilities {acceptInsecureCerts: false, browserName: chrome, browserVersion: 110.0.5481.178, chrome: {chromedriverVersion: 110.0.5481.77 (65ed616c6e8e..., userDataDir: C:\Users\Hp\AppData\Local\T...}, goog:chromeOptions: {debuggerAddress: localhost:57640}, networkConnectionEnabled: false, pageLoadStrategy: normal, platformName: WINDOWS, proxy: Proxy(), se:cdp: ws://localhost:57640/devtoo..., se:cdpVersion: 110.0.5481.178, setWindowRect: true, strictFileInteractability: false, timeouts: {implicit: 0, pageLoad: 300000, script: 30000}, unhandledPromptBehavior: dismiss and notify, webauthn:extension:credBlob: true, webauthn:extension:largeBlob: true, webauthn:virtualAuthenticators: true}
Session ID: 5af4e898e203a60e22816564dd7a7520
</error>
    <system-out><![CDATA[
@billing_address @testrunner
Scenario Outline: vendor_billing_address_olusturma    # src/test/resources/features/vendorbillingaddress.feature:42
  Given Kullanici Hubcomfy sayfasina gider            # stepdefinitions.HubcomfyLoginStepDefinitions.kullanici_hubcomfy_sayfasina_gider()
      io.cucumber.core.exception.CucumberException: Failed to instantiate class stepdefinitions.HubcomfyLoginStepDefinitions
	at io.cucumber.core.backend.DefaultObjectFactory.cacheNewInstance(DefaultObjectFactory.java:67)
	at io.cucumber.core.backend.DefaultObjectFactory.getInstance(DefaultObjectFactory.java:45)
	at io.cucumber.java.AbstractGlueDefinition.invokeMethod(AbstractGlueDefinition.java:47)
	at io.cucumber.java.JavaStepDefinition.execute(JavaStepDefinition.java:29)
	at io.cucumber.core.runner.CoreStepDefinition.execute(CoreStepDefinition.java:66)
	at io.cucumber.core.runner.PickleStepDefinitionMatch.runStep(PickleStepDefinitionMatch.java:63)
	at io.cucumber.core.runner.ExecutionMode$1.execute(ExecutionMode.java:10)
	at io.cucumber.core.runner.TestStep.executeStep(TestStep.java:84)
	at io.cucumber.core.runner.TestStep.run(TestStep.java:56)
	at io.cucumber.core.runner.PickleStepTestStep.run(PickleStepTestStep.java:51)
	at io.cucumber.core.runner.TestCase.run(TestCase.java:84)
	at io.cucumber.core.runner.Runner.runPickle(Runner.java:75)
	at io.cucumber.junit.PickleRunners$NoStepDescriptions.lambda$run$0(PickleRunners.java:151)
	at io.cucumber.core.runtime.CucumberExecutionContext.lambda$runTestCase$5(CucumberExecutionContext.java:130)
	at io.cucumber.core.runtime.RethrowingThrowableCollector.executeAndThrow(RethrowingThrowableCollector.java:23)
	at io.cucumber.core.runtime.CucumberExecutionContext.runTestCase(CucumberExecutionContext.java:130)
	at io.cucumber.junit.PickleRunners$NoStepDescriptions.run(PickleRunners.java:148)
	at io.cucumber.junit.FeatureRunner.runChild(FeatureRunner.java:144)
	at io.cucumber.junit.FeatureRunner.runChild(FeatureRunner.java:28)
	at org.junit.runners.ParentRunner$4.run(ParentRunner.java:331)
	at org.junit.runners.ParentRunner$1.schedule(ParentRunner.java:79)
	at org.junit.runners.ParentRunner.runChildren(ParentRunner.java:329)
	at org.junit.runners.ParentRunner.access$100(ParentRunner.java:66)
	at org.junit.runners.ParentRunner$2.evaluate(ParentRunner.java:293)
	at org.junit.runners.ParentRunner$3.evaluate(ParentRunner.java:306)
	at org.junit.runners.ParentRunner.run(ParentRunner.java:413)
	at io.cucumber.junit.FeatureRunner.run(FeatureRunner.java:137)
	at io.cucumber.junit.Cucumber.runChild(Cucumber.java:196)
	at io.cucumber.junit.Cucumber.runChild(Cucumber.java:89)
	at org.junit.runners.ParentRunner$4.run(ParentRunner.java:331)
	at org.apache.maven.surefire.junitcore.pc.Scheduler$1.run(Scheduler.java:405)
	at org.apache.maven.surefire.junitcore.pc.InvokerStrategy.schedule(InvokerStrategy.java:54)
	at org.apache.maven.surefire.junitcore.pc.Scheduler.schedule(Scheduler.java:362)
	at org.junit.runners.ParentRunner.runChildren(ParentRunner.java:329)
	at org.junit.runners.ParentRunner.access$100(ParentRunner.java:66)
	at org.junit.runners.ParentRunner$2.evaluate(ParentRunner.java:293)
	at io.cucumber.junit.Cucumber$RunBeforeAllHooks.evaluate(Cucumber.java:266)
	at io.cucumber.junit.Cucumber$RunAfterAllHooks.evaluate(Cucumber.java:281)
	at io.cucumber.junit.Cucumber$StartTestRun.evaluate(Cucumber.java:233)
	at io.cucumber.junit.Cucumber$FinishTestRun.evaluate(Cucumber.java:248)
	at org.junit.runners.ParentRunner$3.evaluate(ParentRunner.java:306)
	at org.junit.runners.ParentRunner.run(ParentRunner.java:413)
	at org.junit.runners.Suite.runChild(Suite.java:128)
	at org.junit.runners.Suite.runChild(Suite.java:27)
	at org.junit.runners.ParentRunner$4.run(ParentRunner.java:331)
	at org.apache.maven.surefire.junitcore.pc.Scheduler$1.run(Scheduler.java:405)
	at java.base/java.util.concurrent.Executors$RunnableAdapter.call(Executors.java:515)
	at java.base/java.util.concurrent.FutureTask.run(FutureTask.java:264)
	at java.base/java.util.concurrent.ThreadPoolExecutor.runWorker(ThreadPoolExecutor.java:1128)
	at java.base/java.util.concurrent.ThreadPoolExecutor$Worker.run(ThreadPoolExecutor.java:628)
	at java.base/java.lang.Thread.run(Thread.java:834)
Caused by: java.lang.reflect.InvocationTargetException
	at java.base/jdk.internal.reflect.NativeConstructorAccessorImpl.newInstance0(Native Method)
	at java.base/jdk.internal.reflect.NativeConstructorAccessorImpl.newInstance(NativeConstructorAccessorImpl.java:62)
	at java.base/jdk.internal.reflect.DelegatingConstructorAccessorImpl.newInstance(DelegatingConstructorAccessorImpl.java:45)
	at java.base/java.lang.reflect.Constructor.newInstance(Constructor.java:490)
	at io.cucumber.core.backend.DefaultObjectFactory.cacheNewInstance(DefaultObjectFactory.java:53)
	... 50 more
Caused by: org.openqa.selenium.NoSuchWindowException: no such window: target window already closed
from unknown error: web view not found
  (Session info: chrome=110.0.5481.178)
Build info: version: '4.8.1', revision: '8ebccac989'
System info: os.name: 'Windows 10', os.arch: 'amd64', os.version: '10.0', java.version: '11.0.16.1'
Driver info: org.openqa.selenium.chrome.ChromeDriver
Command: [5af4e898e203a60e22816564dd7a7520, maximizeCurrentWindow {}]
Capabilities {acceptInsecureCerts: false, browserName: chrome, browserVersion: 110.0.5481.178, chrome: {chromedriverVersion: 110.0.5481.77 (65ed616c6e8e..., userDataDir: C:\Users\Hp\AppData\Local\T...}, goog:chromeOptions: {debuggerAddress: localhost:57640}, networkConnectionEnabled: false, pageLoadStrategy: normal, platformName: WINDOWS, proxy: Proxy(), se:cdp: ws://localhost:57640/devtoo..., se:cdpVersion: 110.0.5481.178, setWindowRect: true, strictFileInteractability: false, timeouts: {implicit: 0, pageLoad: 300000, script: 30000}, unhandledPromptBehavior: dismiss and notify, webauthn:extension:credBlob: true, webauthn:extension:largeBlob: true, webauthn:virtualAuthenticators: true}
Session ID: 5af4e898e203a60e22816564dd7a7520
	at java.base/jdk.internal.reflect.NativeConstructorAccessorImpl.newInstance0(Native Method)
	at java.base/jdk.internal.reflect.NativeConstructorAccessorImpl.newInstance(NativeConstructorAccessorImpl.java:62)
	at java.base/jdk.internal.reflect.DelegatingConstructorAccessorImpl.newInstance(DelegatingConstructorAccessorImpl.java:45)
	at java.base/java.lang.reflect.Constructor.newInstance(Constructor.java:490)
	at org.openqa.selenium.remote.codec.w3c.W3CHttpResponseCodec.createException(W3CHttpResponseCodec.java:200)
	at org.openqa.selenium.remote.codec.w3c.W3CHttpResponseCodec.decode(W3CHttpResponseCodec.java:133)
	at org.openqa.selenium.remote.codec.w3c.W3CHttpResponseCodec.decode(W3CHttpResponseCodec.java:53)
	at org.openqa.selenium.remote.HttpCommandExecutor.execute(HttpCommandExecutor.java:184)
	at org.openqa.selenium.remote.service.DriverCommandExecutor.invokeExecute(DriverCommandExecutor.java:167)
	at org.openqa.selenium.remote.service.DriverCommandExecutor.execute(DriverCommandExecutor.java:142)
	at org.openqa.selenium.remote.RemoteWebDriver.execute(RemoteWebDriver.java:543)
	at org.openqa.selenium.remote.RemoteWebDriver.execute(RemoteWebDriver.java:598)
	at org.openqa.selenium.remote.RemoteWebDriver.execute(RemoteWebDriver.java:602)
	at org.openqa.selenium.remote.RemoteWebDriver$RemoteWebDriverOptions$RemoteWindow.maximize(RemoteWebDriver.java:954)
	at utilities.Driver.getDriver(Driver.java:54)
	at pages.HubcomfyLoginPage.<init>(HubcomfyLoginPage.java:12)
	at stepdefinitions.HubcomfyLoginStepDefinitions.<init>(HubcomfyLoginStepDefinitions.java:13)
	... 55 more

  Then Kullanici signin butonuna tiklar               # stepdefinitions.HubcomfyLoginStepDefinitions.kullanici_signin_butonuna_tiklar()
  Then Kullanici email girer                          # stepdefinitions.HubcomfyLoginStepDefinitions.kullanici_email_girer()
  Then Kullanici password girer                       # stepdefinitions.HubcomfyLoginStepDefinitions.kullanici_password_girer()
  Then Kullanici login butonuna tiklar                # stepdefinitions.HubcomfyLoginStepDefinitions.kullanici_login_butonuna_tiklar()
  Then Kullanici anasayfada oldugunu dogrular         # stepdefinitions.HubcomfyLoginStepDefinitions.kullanici_anasayfada_oldugunu_dogrular()
  Then Kullanici my account yazisina tiklar           # stepdefinitions.HubcomfyLoginStepDefinitions.kullanici_my_account_yazisina_tiklar()
  Then Kullanici address yazisina tiklar              # stepdefinitions.HubcomfyLoginStepDefinitions.kullanici_address_yazisina_tiklar()
  Then Kullanici edit buton yazisina tiklar           # stepdefinitions.HubcomfyLoginStepDefinitions.kullanici_edit_buton_yazisina_tiklar()
  Then Kullanici var olan onceki bilgileri siler      # stepdefinitions.VendorBillingAddressStepDefinitions.kullanici_var_olan_onceki_bilgileri_siler()
  Then Kullanici first name alanina "Ali" girer       # stepdefinitions.VendorBillingAddressStepDefinitions.kullanici_first_name_alanina_girer(java.lang.String)
  Then Kullanici last name alanina "Can" girer        # stepdefinitions.VendorBillingAddressStepDefinitions.kullanici_last_name_alanina_girer(java.lang.String)
  Then Kullanici company name alanina "" girer        # stepdefinitions.VendorBillingAddressStepDefinitions.kullanici_company_name_alanina_girer(java.lang.String)
  Then Kullanici country alanini tiklar               # stepdefinitions.VendorBillingAddressStepDefinitions.kullanici_country_alanini_tiklar()
  Then Kullanici dropdown alanini tiklar              # stepdefinitions.VendorBillingAddressStepDefinitions.kullanici_dropdown_alanini_tiklar()
  Then Kullanici country alanina Turkey girer         # stepdefinitions.VendorBillingAddressStepDefinitions.kullaniciCountryAlaninaTurkeyGirer()
  Then Kullanici street1 alanina "Sevgi mah" girer    # stepdefinitions.VendorBillingAddressStepDefinitions.kullanici_street1_alanina_girer(java.lang.String)
  Then Kullanici street2 alanina "Vefa sok." girer    # stepdefinitions.VendorBillingAddressStepDefinitions.kullanici_street2_alanina_girer(java.lang.String)
  Then Kullanici zipcode alanina "12345" girer        # stepdefinitions.VendorBillingAddressStepDefinitions.kullanici_zipcode_alanina_girer(java.lang.String)
  Then Kullanici town city alanina "Ceyhan" girer     # stepdefinitions.VendorBillingAddressStepDefinitions.kullanici_town_city_alanina_girer(java.lang.String)
  Then Kullanici province alanini tiklar              # stepdefinitions.VendorBillingAddressStepDefinitions.kullanici_province_alanini_tiklar()
  Then Kullanici province dropdownu tiklar            # stepdefinitions.VendorBillingAddressStepDefinitions.kullanici_province_dropdownu_tiklar()
  Then Kullanici province alanina Adana girer         # stepdefinitions.VendorBillingAddressStepDefinitions.kullaniciProvinceAlaninaAdanaGirer()
  Then Kullanici phone alanina "0555 444 33 22" girer # stepdefinitions.VendorBillingAddressStepDefinitions.kullanici_phone_alanina_girer(java.lang.String)
  Then Kullanici save butonuna tiklar                 # stepdefinitions.VendorBillingAddressStepDefinitions.kullanici_save_butonuna_tiklar()
  Then Kullanici driveri kapatir                      # stepdefinitions.VendorBillingAddressStepDefinitions.kullaniciDriveriKapatir()
]]></system-out>
  </testcase>
  <testcase name="vendor_billing_address_olusturma #5" classname="Hubcomfy Vendor Billing Address Olusturma" time="0.131">
    <error message="Failed to instantiate class stepdefinitions.HubcomfyLoginStepDefinitions" type="io.cucumber.core.exception.CucumberException">io.cucumber.core.exception.CucumberException: Failed to instantiate class stepdefinitions.HubcomfyLoginStepDefinitions
Caused by: java.lang.reflect.InvocationTargetException
Caused by: org.openqa.selenium.NoSuchWindowException: 
no such window: target window already closed
from unknown error: web view not found
  (Session info: chrome=110.0.5481.178)
Build info: version: '4.8.1', revision: '8ebccac989'
System info: os.name: 'Windows 10', os.arch: 'amd64', os.version: '10.0', java.version: '11.0.16.1'
Driver info: org.openqa.selenium.chrome.ChromeDriver
Command: [5af4e898e203a60e22816564dd7a7520, maximizeCurrentWindow {}]
Capabilities {acceptInsecureCerts: false, browserName: chrome, browserVersion: 110.0.5481.178, chrome: {chromedriverVersion: 110.0.5481.77 (65ed616c6e8e..., userDataDir: C:\Users\Hp\AppData\Local\T...}, goog:chromeOptions: {debuggerAddress: localhost:57640}, networkConnectionEnabled: false, pageLoadStrategy: normal, platformName: WINDOWS, proxy: Proxy(), se:cdp: ws://localhost:57640/devtoo..., se:cdpVersion: 110.0.5481.178, setWindowRect: true, strictFileInteractability: false, timeouts: {implicit: 0, pageLoad: 300000, script: 30000}, unhandledPromptBehavior: dismiss and notify, webauthn:extension:credBlob: true, webauthn:extension:largeBlob: true, webauthn:virtualAuthenticators: true}
Session ID: 5af4e898e203a60e22816564dd7a7520
</error>
    <system-out><![CDATA[
@billing_address @testrunner
Scenario Outline: vendor_billing_address_olusturma    # src/test/resources/features/vendorbillingaddress.feature:43
  Given Kullanici Hubcomfy sayfasina gider            # stepdefinitions.HubcomfyLoginStepDefinitions.kullanici_hubcomfy_sayfasina_gider()
      io.cucumber.core.exception.CucumberException: Failed to instantiate class stepdefinitions.HubcomfyLoginStepDefinitions
	at io.cucumber.core.backend.DefaultObjectFactory.cacheNewInstance(DefaultObjectFactory.java:67)
	at io.cucumber.core.backend.DefaultObjectFactory.getInstance(DefaultObjectFactory.java:45)
	at io.cucumber.java.AbstractGlueDefinition.invokeMethod(AbstractGlueDefinition.java:47)
	at io.cucumber.java.JavaStepDefinition.execute(JavaStepDefinition.java:29)
	at io.cucumber.core.runner.CoreStepDefinition.execute(CoreStepDefinition.java:66)
	at io.cucumber.core.runner.PickleStepDefinitionMatch.runStep(PickleStepDefinitionMatch.java:63)
	at io.cucumber.core.runner.ExecutionMode$1.execute(ExecutionMode.java:10)
	at io.cucumber.core.runner.TestStep.executeStep(TestStep.java:84)
	at io.cucumber.core.runner.TestStep.run(TestStep.java:56)
	at io.cucumber.core.runner.PickleStepTestStep.run(PickleStepTestStep.java:51)
	at io.cucumber.core.runner.TestCase.run(TestCase.java:84)
	at io.cucumber.core.runner.Runner.runPickle(Runner.java:75)
	at io.cucumber.junit.PickleRunners$NoStepDescriptions.lambda$run$0(PickleRunners.java:151)
	at io.cucumber.core.runtime.CucumberExecutionContext.lambda$runTestCase$5(CucumberExecutionContext.java:130)
	at io.cucumber.core.runtime.RethrowingThrowableCollector.executeAndThrow(RethrowingThrowableCollector.java:23)
	at io.cucumber.core.runtime.CucumberExecutionContext.runTestCase(CucumberExecutionContext.java:130)
	at io.cucumber.junit.PickleRunners$NoStepDescriptions.run(PickleRunners.java:148)
	at io.cucumber.junit.FeatureRunner.runChild(FeatureRunner.java:144)
	at io.cucumber.junit.FeatureRunner.runChild(FeatureRunner.java:28)
	at org.junit.runners.ParentRunner$4.run(ParentRunner.java:331)
	at org.junit.runners.ParentRunner$1.schedule(ParentRunner.java:79)
	at org.junit.runners.ParentRunner.runChildren(ParentRunner.java:329)
	at org.junit.runners.ParentRunner.access$100(ParentRunner.java:66)
	at org.junit.runners.ParentRunner$2.evaluate(ParentRunner.java:293)
	at org.junit.runners.ParentRunner$3.evaluate(ParentRunner.java:306)
	at org.junit.runners.ParentRunner.run(ParentRunner.java:413)
	at io.cucumber.junit.FeatureRunner.run(FeatureRunner.java:137)
	at io.cucumber.junit.Cucumber.runChild(Cucumber.java:196)
	at io.cucumber.junit.Cucumber.runChild(Cucumber.java:89)
	at org.junit.runners.ParentRunner$4.run(ParentRunner.java:331)
	at org.apache.maven.surefire.junitcore.pc.Scheduler$1.run(Scheduler.java:405)
	at org.apache.maven.surefire.junitcore.pc.InvokerStrategy.schedule(InvokerStrategy.java:54)
	at org.apache.maven.surefire.junitcore.pc.Scheduler.schedule(Scheduler.java:362)
	at org.junit.runners.ParentRunner.runChildren(ParentRunner.java:329)
	at org.junit.runners.ParentRunner.access$100(ParentRunner.java:66)
	at org.junit.runners.ParentRunner$2.evaluate(ParentRunner.java:293)
	at io.cucumber.junit.Cucumber$RunBeforeAllHooks.evaluate(Cucumber.java:266)
	at io.cucumber.junit.Cucumber$RunAfterAllHooks.evaluate(Cucumber.java:281)
	at io.cucumber.junit.Cucumber$StartTestRun.evaluate(Cucumber.java:233)
	at io.cucumber.junit.Cucumber$FinishTestRun.evaluate(Cucumber.java:248)
	at org.junit.runners.ParentRunner$3.evaluate(ParentRunner.java:306)
	at org.junit.runners.ParentRunner.run(ParentRunner.java:413)
	at org.junit.runners.Suite.runChild(Suite.java:128)
	at org.junit.runners.Suite.runChild(Suite.java:27)
	at org.junit.runners.ParentRunner$4.run(ParentRunner.java:331)
	at org.apache.maven.surefire.junitcore.pc.Scheduler$1.run(Scheduler.java:405)
	at java.base/java.util.concurrent.Executors$RunnableAdapter.call(Executors.java:515)
	at java.base/java.util.concurrent.FutureTask.run(FutureTask.java:264)
	at java.base/java.util.concurrent.ThreadPoolExecutor.runWorker(ThreadPoolExecutor.java:1128)
	at java.base/java.util.concurrent.ThreadPoolExecutor$Worker.run(ThreadPoolExecutor.java:628)
	at java.base/java.lang.Thread.run(Thread.java:834)
Caused by: java.lang.reflect.InvocationTargetException
	at java.base/jdk.internal.reflect.NativeConstructorAccessorImpl.newInstance0(Native Method)
	at java.base/jdk.internal.reflect.NativeConstructorAccessorImpl.newInstance(NativeConstructorAccessorImpl.java:62)
	at java.base/jdk.internal.reflect.DelegatingConstructorAccessorImpl.newInstance(DelegatingConstructorAccessorImpl.java:45)
	at java.base/java.lang.reflect.Constructor.newInstance(Constructor.java:490)
	at io.cucumber.core.backend.DefaultObjectFactory.cacheNewInstance(DefaultObjectFactory.java:53)
	... 50 more
Caused by: org.openqa.selenium.NoSuchWindowException: no such window: target window already closed
from unknown error: web view not found
  (Session info: chrome=110.0.5481.178)
Build info: version: '4.8.1', revision: '8ebccac989'
System info: os.name: 'Windows 10', os.arch: 'amd64', os.version: '10.0', java.version: '11.0.16.1'
Driver info: org.openqa.selenium.chrome.ChromeDriver
Command: [5af4e898e203a60e22816564dd7a7520, maximizeCurrentWindow {}]
Capabilities {acceptInsecureCerts: false, browserName: chrome, browserVersion: 110.0.5481.178, chrome: {chromedriverVersion: 110.0.5481.77 (65ed616c6e8e..., userDataDir: C:\Users\Hp\AppData\Local\T...}, goog:chromeOptions: {debuggerAddress: localhost:57640}, networkConnectionEnabled: false, pageLoadStrategy: normal, platformName: WINDOWS, proxy: Proxy(), se:cdp: ws://localhost:57640/devtoo..., se:cdpVersion: 110.0.5481.178, setWindowRect: true, strictFileInteractability: false, timeouts: {implicit: 0, pageLoad: 300000, script: 30000}, unhandledPromptBehavior: dismiss and notify, webauthn:extension:credBlob: true, webauthn:extension:largeBlob: true, webauthn:virtualAuthenticators: true}
Session ID: 5af4e898e203a60e22816564dd7a7520
	at java.base/jdk.internal.reflect.NativeConstructorAccessorImpl.newInstance0(Native Method)
	at java.base/jdk.internal.reflect.NativeConstructorAccessorImpl.newInstance(NativeConstructorAccessorImpl.java:62)
	at java.base/jdk.internal.reflect.DelegatingConstructorAccessorImpl.newInstance(DelegatingConstructorAccessorImpl.java:45)
	at java.base/java.lang.reflect.Constructor.newInstance(Constructor.java:490)
	at org.openqa.selenium.remote.codec.w3c.W3CHttpResponseCodec.createException(W3CHttpResponseCodec.java:200)
	at org.openqa.selenium.remote.codec.w3c.W3CHttpResponseCodec.decode(W3CHttpResponseCodec.java:133)
	at org.openqa.selenium.remote.codec.w3c.W3CHttpResponseCodec.decode(W3CHttpResponseCodec.java:53)
	at org.openqa.selenium.remote.HttpCommandExecutor.execute(HttpCommandExecutor.java:184)
	at org.openqa.selenium.remote.service.DriverCommandExecutor.invokeExecute(DriverCommandExecutor.java:167)
	at org.openqa.selenium.remote.service.DriverCommandExecutor.execute(DriverCommandExecutor.java:142)
	at org.openqa.selenium.remote.RemoteWebDriver.execute(RemoteWebDriver.java:543)
	at org.openqa.selenium.remote.RemoteWebDriver.execute(RemoteWebDriver.java:598)
	at org.openqa.selenium.remote.RemoteWebDriver.execute(RemoteWebDriver.java:602)
	at org.openqa.selenium.remote.RemoteWebDriver$RemoteWebDriverOptions$RemoteWindow.maximize(RemoteWebDriver.java:954)
	at utilities.Driver.getDriver(Driver.java:54)
	at pages.HubcomfyLoginPage.<init>(HubcomfyLoginPage.java:12)
	at stepdefinitions.HubcomfyLoginStepDefinitions.<init>(HubcomfyLoginStepDefinitions.java:13)
	... 55 more

  Then Kullanici signin butonuna tiklar               # stepdefinitions.HubcomfyLoginStepDefinitions.kullanici_signin_butonuna_tiklar()
  Then Kullanici email girer                          # stepdefinitions.HubcomfyLoginStepDefinitions.kullanici_email_girer()
  Then Kullanici password girer                       # stepdefinitions.HubcomfyLoginStepDefinitions.kullanici_password_girer()
  Then Kullanici login butonuna tiklar                # stepdefinitions.HubcomfyLoginStepDefinitions.kullanici_login_butonuna_tiklar()
  Then Kullanici anasayfada oldugunu dogrular         # stepdefinitions.HubcomfyLoginStepDefinitions.kullanici_anasayfada_oldugunu_dogrular()
  Then Kullanici my account yazisina tiklar           # stepdefinitions.HubcomfyLoginStepDefinitions.kullanici_my_account_yazisina_tiklar()
  Then Kullanici address yazisina tiklar              # stepdefinitions.HubcomfyLoginStepDefinitions.kullanici_address_yazisina_tiklar()
  Then Kullanici edit buton yazisina tiklar           # stepdefinitions.HubcomfyLoginStepDefinitions.kullanici_edit_buton_yazisina_tiklar()
  Then Kullanici var olan onceki bilgileri siler      # stepdefinitions.VendorBillingAddressStepDefinitions.kullanici_var_olan_onceki_bilgileri_siler()
  Then Kullanici first name alanina "Ali" girer       # stepdefinitions.VendorBillingAddressStepDefinitions.kullanici_first_name_alanina_girer(java.lang.String)
  Then Kullanici last name alanina "Can" girer        # stepdefinitions.VendorBillingAddressStepDefinitions.kullanici_last_name_alanina_girer(java.lang.String)
  Then Kullanici company name alanina "Techpro" girer # stepdefinitions.VendorBillingAddressStepDefinitions.kullanici_company_name_alanina_girer(java.lang.String)
  Then Kullanici country alanini tiklar               # stepdefinitions.VendorBillingAddressStepDefinitions.kullanici_country_alanini_tiklar()
  Then Kullanici dropdown alanini tiklar              # stepdefinitions.VendorBillingAddressStepDefinitions.kullanici_dropdown_alanini_tiklar()
  Then Kullanici country alanina Turkey girer         # stepdefinitions.VendorBillingAddressStepDefinitions.kullaniciCountryAlaninaTurkeyGirer()
  Then Kullanici street1 alanina "Sevgi mah" girer    # stepdefinitions.VendorBillingAddressStepDefinitions.kullanici_street1_alanina_girer(java.lang.String)
  Then Kullanici street2 alanina "Vefa sok." girer    # stepdefinitions.VendorBillingAddressStepDefinitions.kullanici_street2_alanina_girer(java.lang.String)
  Then Kullanici zipcode alanina "12345" girer        # stepdefinitions.VendorBillingAddressStepDefinitions.kullanici_zipcode_alanina_girer(java.lang.String)
  Then Kullanici town city alanina "Ceyhan" girer     # stepdefinitions.VendorBillingAddressStepDefinitions.kullanici_town_city_alanina_girer(java.lang.String)
  Then Kullanici province alanini tiklar              # stepdefinitions.VendorBillingAddressStepDefinitions.kullanici_province_alanini_tiklar()
  Then Kullanici province dropdownu tiklar            # stepdefinitions.VendorBillingAddressStepDefinitions.kullanici_province_dropdownu_tiklar()
  Then Kullanici province alanina Adana girer         # stepdefinitions.VendorBillingAddressStepDefinitions.kullaniciProvinceAlaninaAdanaGirer()
  Then Kullanici phone alanina "0555 444 33 22" girer # stepdefinitions.VendorBillingAddressStepDefinitions.kullanici_phone_alanina_girer(java.lang.String)
  Then Kullanici save butonuna tiklar                 # stepdefinitions.VendorBillingAddressStepDefinitions.kullanici_save_butonuna_tiklar()
  Then Kullanici driveri kapatir                      # stepdefinitions.VendorBillingAddressStepDefinitions.kullaniciDriveriKapatir()
]]></system-out>
  </testcase>
  <testcase name="vendor_billing_address_olusturma #6" classname="Hubcomfy Vendor Billing Address Olusturma" time="0.428">
    <error message="Failed to instantiate class stepdefinitions.HubcomfyLoginStepDefinitions" type="io.cucumber.core.exception.CucumberException">io.cucumber.core.exception.CucumberException: Failed to instantiate class stepdefinitions.HubcomfyLoginStepDefinitions
Caused by: java.lang.reflect.InvocationTargetException
Caused by: org.openqa.selenium.NoSuchWindowException: 
no such window: target window already closed
from unknown error: web view not found
  (Session info: chrome=110.0.5481.178)
Build info: version: '4.8.1', revision: '8ebccac989'
System info: os.name: 'Windows 10', os.arch: 'amd64', os.version: '10.0', java.version: '11.0.16.1'
Driver info: org.openqa.selenium.chrome.ChromeDriver
Command: [5af4e898e203a60e22816564dd7a7520, maximizeCurrentWindow {}]
Capabilities {acceptInsecureCerts: false, browserName: chrome, browserVersion: 110.0.5481.178, chrome: {chromedriverVersion: 110.0.5481.77 (65ed616c6e8e..., userDataDir: C:\Users\Hp\AppData\Local\T...}, goog:chromeOptions: {debuggerAddress: localhost:57640}, networkConnectionEnabled: false, pageLoadStrategy: normal, platformName: WINDOWS, proxy: Proxy(), se:cdp: ws://localhost:57640/devtoo..., se:cdpVersion: 110.0.5481.178, setWindowRect: true, strictFileInteractability: false, timeouts: {implicit: 0, pageLoad: 300000, script: 30000}, unhandledPromptBehavior: dismiss and notify, webauthn:extension:credBlob: true, webauthn:extension:largeBlob: true, webauthn:virtualAuthenticators: true}
Session ID: 5af4e898e203a60e22816564dd7a7520
</error>
    <system-out><![CDATA[
@billing_address @testrunner
Scenario Outline: vendor_billing_address_olusturma    # src/test/resources/features/vendorbillingaddress.feature:44
  Given Kullanici Hubcomfy sayfasina gider            # stepdefinitions.HubcomfyLoginStepDefinitions.kullanici_hubcomfy_sayfasina_gider()
      io.cucumber.core.exception.CucumberException: Failed to instantiate class stepdefinitions.HubcomfyLoginStepDefinitions
	at io.cucumber.core.backend.DefaultObjectFactory.cacheNewInstance(DefaultObjectFactory.java:67)
	at io.cucumber.core.backend.DefaultObjectFactory.getInstance(DefaultObjectFactory.java:45)
	at io.cucumber.java.AbstractGlueDefinition.invokeMethod(AbstractGlueDefinition.java:47)
	at io.cucumber.java.JavaStepDefinition.execute(JavaStepDefinition.java:29)
	at io.cucumber.core.runner.CoreStepDefinition.execute(CoreStepDefinition.java:66)
	at io.cucumber.core.runner.PickleStepDefinitionMatch.runStep(PickleStepDefinitionMatch.java:63)
	at io.cucumber.core.runner.ExecutionMode$1.execute(ExecutionMode.java:10)
	at io.cucumber.core.runner.TestStep.executeStep(TestStep.java:84)
	at io.cucumber.core.runner.TestStep.run(TestStep.java:56)
	at io.cucumber.core.runner.PickleStepTestStep.run(PickleStepTestStep.java:51)
	at io.cucumber.core.runner.TestCase.run(TestCase.java:84)
	at io.cucumber.core.runner.Runner.runPickle(Runner.java:75)
	at io.cucumber.junit.PickleRunners$NoStepDescriptions.lambda$run$0(PickleRunners.java:151)
	at io.cucumber.core.runtime.CucumberExecutionContext.lambda$runTestCase$5(CucumberExecutionContext.java:130)
	at io.cucumber.core.runtime.RethrowingThrowableCollector.executeAndThrow(RethrowingThrowableCollector.java:23)
	at io.cucumber.core.runtime.CucumberExecutionContext.runTestCase(CucumberExecutionContext.java:130)
	at io.cucumber.junit.PickleRunners$NoStepDescriptions.run(PickleRunners.java:148)
	at io.cucumber.junit.FeatureRunner.runChild(FeatureRunner.java:144)
	at io.cucumber.junit.FeatureRunner.runChild(FeatureRunner.java:28)
	at org.junit.runners.ParentRunner$4.run(ParentRunner.java:331)
	at org.junit.runners.ParentRunner$1.schedule(ParentRunner.java:79)
	at org.junit.runners.ParentRunner.runChildren(ParentRunner.java:329)
	at org.junit.runners.ParentRunner.access$100(ParentRunner.java:66)
	at org.junit.runners.ParentRunner$2.evaluate(ParentRunner.java:293)
	at org.junit.runners.ParentRunner$3.evaluate(ParentRunner.java:306)
	at org.junit.runners.ParentRunner.run(ParentRunner.java:413)
	at io.cucumber.junit.FeatureRunner.run(FeatureRunner.java:137)
	at io.cucumber.junit.Cucumber.runChild(Cucumber.java:196)
	at io.cucumber.junit.Cucumber.runChild(Cucumber.java:89)
	at org.junit.runners.ParentRunner$4.run(ParentRunner.java:331)
	at org.apache.maven.surefire.junitcore.pc.Scheduler$1.run(Scheduler.java:405)
	at org.apache.maven.surefire.junitcore.pc.InvokerStrategy.schedule(InvokerStrategy.java:54)
	at org.apache.maven.surefire.junitcore.pc.Scheduler.schedule(Scheduler.java:362)
	at org.junit.runners.ParentRunner.runChildren(ParentRunner.java:329)
	at org.junit.runners.ParentRunner.access$100(ParentRunner.java:66)
	at org.junit.runners.ParentRunner$2.evaluate(ParentRunner.java:293)
	at io.cucumber.junit.Cucumber$RunBeforeAllHooks.evaluate(Cucumber.java:266)
	at io.cucumber.junit.Cucumber$RunAfterAllHooks.evaluate(Cucumber.java:281)
	at io.cucumber.junit.Cucumber$StartTestRun.evaluate(Cucumber.java:233)
	at io.cucumber.junit.Cucumber$FinishTestRun.evaluate(Cucumber.java:248)
	at org.junit.runners.ParentRunner$3.evaluate(ParentRunner.java:306)
	at org.junit.runners.ParentRunner.run(ParentRunner.java:413)
	at org.junit.runners.Suite.runChild(Suite.java:128)
	at org.junit.runners.Suite.runChild(Suite.java:27)
	at org.junit.runners.ParentRunner$4.run(ParentRunner.java:331)
	at org.apache.maven.surefire.junitcore.pc.Scheduler$1.run(Scheduler.java:405)
	at java.base/java.util.concurrent.Executors$RunnableAdapter.call(Executors.java:515)
	at java.base/java.util.concurrent.FutureTask.run(FutureTask.java:264)
	at java.base/java.util.concurrent.ThreadPoolExecutor.runWorker(ThreadPoolExecutor.java:1128)
	at java.base/java.util.concurrent.ThreadPoolExecutor$Worker.run(ThreadPoolExecutor.java:628)
	at java.base/java.lang.Thread.run(Thread.java:834)
Caused by: java.lang.reflect.InvocationTargetException
	at java.base/jdk.internal.reflect.NativeConstructorAccessorImpl.newInstance0(Native Method)
	at java.base/jdk.internal.reflect.NativeConstructorAccessorImpl.newInstance(NativeConstructorAccessorImpl.java:62)
	at java.base/jdk.internal.reflect.DelegatingConstructorAccessorImpl.newInstance(DelegatingConstructorAccessorImpl.java:45)
	at java.base/java.lang.reflect.Constructor.newInstance(Constructor.java:490)
	at io.cucumber.core.backend.DefaultObjectFactory.cacheNewInstance(DefaultObjectFactory.java:53)
	... 50 more
Caused by: org.openqa.selenium.NoSuchWindowException: no such window: target window already closed
from unknown error: web view not found
  (Session info: chrome=110.0.5481.178)
Build info: version: '4.8.1', revision: '8ebccac989'
System info: os.name: 'Windows 10', os.arch: 'amd64', os.version: '10.0', java.version: '11.0.16.1'
Driver info: org.openqa.selenium.chrome.ChromeDriver
Command: [5af4e898e203a60e22816564dd7a7520, maximizeCurrentWindow {}]
Capabilities {acceptInsecureCerts: false, browserName: chrome, browserVersion: 110.0.5481.178, chrome: {chromedriverVersion: 110.0.5481.77 (65ed616c6e8e..., userDataDir: C:\Users\Hp\AppData\Local\T...}, goog:chromeOptions: {debuggerAddress: localhost:57640}, networkConnectionEnabled: false, pageLoadStrategy: normal, platformName: WINDOWS, proxy: Proxy(), se:cdp: ws://localhost:57640/devtoo..., se:cdpVersion: 110.0.5481.178, setWindowRect: true, strictFileInteractability: false, timeouts: {implicit: 0, pageLoad: 300000, script: 30000}, unhandledPromptBehavior: dismiss and notify, webauthn:extension:credBlob: true, webauthn:extension:largeBlob: true, webauthn:virtualAuthenticators: true}
Session ID: 5af4e898e203a60e22816564dd7a7520
	at java.base/jdk.internal.reflect.NativeConstructorAccessorImpl.newInstance0(Native Method)
	at java.base/jdk.internal.reflect.NativeConstructorAccessorImpl.newInstance(NativeConstructorAccessorImpl.java:62)
	at java.base/jdk.internal.reflect.DelegatingConstructorAccessorImpl.newInstance(DelegatingConstructorAccessorImpl.java:45)
	at java.base/java.lang.reflect.Constructor.newInstance(Constructor.java:490)
	at org.openqa.selenium.remote.codec.w3c.W3CHttpResponseCodec.createException(W3CHttpResponseCodec.java:200)
	at org.openqa.selenium.remote.codec.w3c.W3CHttpResponseCodec.decode(W3CHttpResponseCodec.java:133)
	at org.openqa.selenium.remote.codec.w3c.W3CHttpResponseCodec.decode(W3CHttpResponseCodec.java:53)
	at org.openqa.selenium.remote.HttpCommandExecutor.execute(HttpCommandExecutor.java:184)
	at org.openqa.selenium.remote.service.DriverCommandExecutor.invokeExecute(DriverCommandExecutor.java:167)
	at org.openqa.selenium.remote.service.DriverCommandExecutor.execute(DriverCommandExecutor.java:142)
	at org.openqa.selenium.remote.RemoteWebDriver.execute(RemoteWebDriver.java:543)
	at org.openqa.selenium.remote.RemoteWebDriver.execute(RemoteWebDriver.java:598)
	at org.openqa.selenium.remote.RemoteWebDriver.execute(RemoteWebDriver.java:602)
	at org.openqa.selenium.remote.RemoteWebDriver$RemoteWebDriverOptions$RemoteWindow.maximize(RemoteWebDriver.java:954)
	at utilities.Driver.getDriver(Driver.java:54)
	at pages.HubcomfyLoginPage.<init>(HubcomfyLoginPage.java:12)
	at stepdefinitions.HubcomfyLoginStepDefinitions.<init>(HubcomfyLoginStepDefinitions.java:13)
	... 55 more

  Then Kullanici signin butonuna tiklar               # stepdefinitions.HubcomfyLoginStepDefinitions.kullanici_signin_butonuna_tiklar()
  Then Kullanici email girer                          # stepdefinitions.HubcomfyLoginStepDefinitions.kullanici_email_girer()
  Then Kullanici password girer                       # stepdefinitions.HubcomfyLoginStepDefinitions.kullanici_password_girer()
  Then Kullanici login butonuna tiklar                # stepdefinitions.HubcomfyLoginStepDefinitions.kullanici_login_butonuna_tiklar()
  Then Kullanici anasayfada oldugunu dogrular         # stepdefinitions.HubcomfyLoginStepDefinitions.kullanici_anasayfada_oldugunu_dogrular()
  Then Kullanici my account yazisina tiklar           # stepdefinitions.HubcomfyLoginStepDefinitions.kullanici_my_account_yazisina_tiklar()
  Then Kullanici address yazisina tiklar              # stepdefinitions.HubcomfyLoginStepDefinitions.kullanici_address_yazisina_tiklar()
  Then Kullanici edit buton yazisina tiklar           # stepdefinitions.HubcomfyLoginStepDefinitions.kullanici_edit_buton_yazisina_tiklar()
  Then Kullanici var olan onceki bilgileri siler      # stepdefinitions.VendorBillingAddressStepDefinitions.kullanici_var_olan_onceki_bilgileri_siler()
  Then Kullanici first name alanina "Ali" girer       # stepdefinitions.VendorBillingAddressStepDefinitions.kullanici_first_name_alanina_girer(java.lang.String)
  Then Kullanici last name alanina "Can" girer        # stepdefinitions.VendorBillingAddressStepDefinitions.kullanici_last_name_alanina_girer(java.lang.String)
  Then Kullanici company name alanina "Techpro" girer # stepdefinitions.VendorBillingAddressStepDefinitions.kullanici_company_name_alanina_girer(java.lang.String)
  Then Kullanici country alanini tiklar               # stepdefinitions.VendorBillingAddressStepDefinitions.kullanici_country_alanini_tiklar()
  Then Kullanici dropdown alanini tiklar              # stepdefinitions.VendorBillingAddressStepDefinitions.kullanici_dropdown_alanini_tiklar()
  Then Kullanici country alanina Turkey girer         # stepdefinitions.VendorBillingAddressStepDefinitions.kullaniciCountryAlaninaTurkeyGirer()
  Then Kullanici street1 alanina "" girer             # stepdefinitions.VendorBillingAddressStepDefinitions.kullanici_street1_alanina_girer(java.lang.String)
  Then Kullanici street2 alanina "Vefa sok." girer    # stepdefinitions.VendorBillingAddressStepDefinitions.kullanici_street2_alanina_girer(java.lang.String)
  Then Kullanici zipcode alanina "12345" girer        # stepdefinitions.VendorBillingAddressStepDefinitions.kullanici_zipcode_alanina_girer(java.lang.String)
  Then Kullanici town city alanina "Ceyhan" girer     # stepdefinitions.VendorBillingAddressStepDefinitions.kullanici_town_city_alanina_girer(java.lang.String)
  Then Kullanici province alanini tiklar              # stepdefinitions.VendorBillingAddressStepDefinitions.kullanici_province_alanini_tiklar()
  Then Kullanici province dropdownu tiklar            # stepdefinitions.VendorBillingAddressStepDefinitions.kullanici_province_dropdownu_tiklar()
  Then Kullanici province alanina Adana girer         # stepdefinitions.VendorBillingAddressStepDefinitions.kullaniciProvinceAlaninaAdanaGirer()
  Then Kullanici phone alanina "0555 444 33 22" girer # stepdefinitions.VendorBillingAddressStepDefinitions.kullanici_phone_alanina_girer(java.lang.String)
  Then Kullanici save butonuna tiklar                 # stepdefinitions.VendorBillingAddressStepDefinitions.kullanici_save_butonuna_tiklar()
  Then Kullanici driveri kapatir                      # stepdefinitions.VendorBillingAddressStepDefinitions.kullaniciDriveriKapatir()
]]></system-out>
  </testcase>
  <testcase name="vendor_billing_address_olusturma #7" classname="Hubcomfy Vendor Billing Address Olusturma" time="0.093">
    <error message="Failed to instantiate class stepdefinitions.HubcomfyLoginStepDefinitions" type="io.cucumber.core.exception.CucumberException">io.cucumber.core.exception.CucumberException: Failed to instantiate class stepdefinitions.HubcomfyLoginStepDefinitions
Caused by: java.lang.reflect.InvocationTargetException
Caused by: org.openqa.selenium.NoSuchWindowException: 
no such window: target window already closed
from unknown error: web view not found
  (Session info: chrome=110.0.5481.178)
Build info: version: '4.8.1', revision: '8ebccac989'
System info: os.name: 'Windows 10', os.arch: 'amd64', os.version: '10.0', java.version: '11.0.16.1'
Driver info: org.openqa.selenium.chrome.ChromeDriver
Command: [5af4e898e203a60e22816564dd7a7520, maximizeCurrentWindow {}]
Capabilities {acceptInsecureCerts: false, browserName: chrome, browserVersion: 110.0.5481.178, chrome: {chromedriverVersion: 110.0.5481.77 (65ed616c6e8e..., userDataDir: C:\Users\Hp\AppData\Local\T...}, goog:chromeOptions: {debuggerAddress: localhost:57640}, networkConnectionEnabled: false, pageLoadStrategy: normal, platformName: WINDOWS, proxy: Proxy(), se:cdp: ws://localhost:57640/devtoo..., se:cdpVersion: 110.0.5481.178, setWindowRect: true, strictFileInteractability: false, timeouts: {implicit: 0, pageLoad: 300000, script: 30000}, unhandledPromptBehavior: dismiss and notify, webauthn:extension:credBlob: true, webauthn:extension:largeBlob: true, webauthn:virtualAuthenticators: true}
Session ID: 5af4e898e203a60e22816564dd7a7520
</error>
    <system-out><![CDATA[
@billing_address @testrunner
Scenario Outline: vendor_billing_address_olusturma    # src/test/resources/features/vendorbillingaddress.feature:45
  Given Kullanici Hubcomfy sayfasina gider            # stepdefinitions.HubcomfyLoginStepDefinitions.kullanici_hubcomfy_sayfasina_gider()
      io.cucumber.core.exception.CucumberException: Failed to instantiate class stepdefinitions.HubcomfyLoginStepDefinitions
	at io.cucumber.core.backend.DefaultObjectFactory.cacheNewInstance(DefaultObjectFactory.java:67)
	at io.cucumber.core.backend.DefaultObjectFactory.getInstance(DefaultObjectFactory.java:45)
	at io.cucumber.java.AbstractGlueDefinition.invokeMethod(AbstractGlueDefinition.java:47)
	at io.cucumber.java.JavaStepDefinition.execute(JavaStepDefinition.java:29)
	at io.cucumber.core.runner.CoreStepDefinition.execute(CoreStepDefinition.java:66)
	at io.cucumber.core.runner.PickleStepDefinitionMatch.runStep(PickleStepDefinitionMatch.java:63)
	at io.cucumber.core.runner.ExecutionMode$1.execute(ExecutionMode.java:10)
	at io.cucumber.core.runner.TestStep.executeStep(TestStep.java:84)
	at io.cucumber.core.runner.TestStep.run(TestStep.java:56)
	at io.cucumber.core.runner.PickleStepTestStep.run(PickleStepTestStep.java:51)
	at io.cucumber.core.runner.TestCase.run(TestCase.java:84)
	at io.cucumber.core.runner.Runner.runPickle(Runner.java:75)
	at io.cucumber.junit.PickleRunners$NoStepDescriptions.lambda$run$0(PickleRunners.java:151)
	at io.cucumber.core.runtime.CucumberExecutionContext.lambda$runTestCase$5(CucumberExecutionContext.java:130)
	at io.cucumber.core.runtime.RethrowingThrowableCollector.executeAndThrow(RethrowingThrowableCollector.java:23)
	at io.cucumber.core.runtime.CucumberExecutionContext.runTestCase(CucumberExecutionContext.java:130)
	at io.cucumber.junit.PickleRunners$NoStepDescriptions.run(PickleRunners.java:148)
	at io.cucumber.junit.FeatureRunner.runChild(FeatureRunner.java:144)
	at io.cucumber.junit.FeatureRunner.runChild(FeatureRunner.java:28)
	at org.junit.runners.ParentRunner$4.run(ParentRunner.java:331)
	at org.junit.runners.ParentRunner$1.schedule(ParentRunner.java:79)
	at org.junit.runners.ParentRunner.runChildren(ParentRunner.java:329)
	at org.junit.runners.ParentRunner.access$100(ParentRunner.java:66)
	at org.junit.runners.ParentRunner$2.evaluate(ParentRunner.java:293)
	at org.junit.runners.ParentRunner$3.evaluate(ParentRunner.java:306)
	at org.junit.runners.ParentRunner.run(ParentRunner.java:413)
	at io.cucumber.junit.FeatureRunner.run(FeatureRunner.java:137)
	at io.cucumber.junit.Cucumber.runChild(Cucumber.java:196)
	at io.cucumber.junit.Cucumber.runChild(Cucumber.java:89)
	at org.junit.runners.ParentRunner$4.run(ParentRunner.java:331)
	at org.apache.maven.surefire.junitcore.pc.Scheduler$1.run(Scheduler.java:405)
	at org.apache.maven.surefire.junitcore.pc.InvokerStrategy.schedule(InvokerStrategy.java:54)
	at org.apache.maven.surefire.junitcore.pc.Scheduler.schedule(Scheduler.java:362)
	at org.junit.runners.ParentRunner.runChildren(ParentRunner.java:329)
	at org.junit.runners.ParentRunner.access$100(ParentRunner.java:66)
	at org.junit.runners.ParentRunner$2.evaluate(ParentRunner.java:293)
	at io.cucumber.junit.Cucumber$RunBeforeAllHooks.evaluate(Cucumber.java:266)
	at io.cucumber.junit.Cucumber$RunAfterAllHooks.evaluate(Cucumber.java:281)
	at io.cucumber.junit.Cucumber$StartTestRun.evaluate(Cucumber.java:233)
	at io.cucumber.junit.Cucumber$FinishTestRun.evaluate(Cucumber.java:248)
	at org.junit.runners.ParentRunner$3.evaluate(ParentRunner.java:306)
	at org.junit.runners.ParentRunner.run(ParentRunner.java:413)
	at org.junit.runners.Suite.runChild(Suite.java:128)
	at org.junit.runners.Suite.runChild(Suite.java:27)
	at org.junit.runners.ParentRunner$4.run(ParentRunner.java:331)
	at org.apache.maven.surefire.junitcore.pc.Scheduler$1.run(Scheduler.java:405)
	at java.base/java.util.concurrent.Executors$RunnableAdapter.call(Executors.java:515)
	at java.base/java.util.concurrent.FutureTask.run(FutureTask.java:264)
	at java.base/java.util.concurrent.ThreadPoolExecutor.runWorker(ThreadPoolExecutor.java:1128)
	at java.base/java.util.concurrent.ThreadPoolExecutor$Worker.run(ThreadPoolExecutor.java:628)
	at java.base/java.lang.Thread.run(Thread.java:834)
Caused by: java.lang.reflect.InvocationTargetException
	at java.base/jdk.internal.reflect.NativeConstructorAccessorImpl.newInstance0(Native Method)
	at java.base/jdk.internal.reflect.NativeConstructorAccessorImpl.newInstance(NativeConstructorAccessorImpl.java:62)
	at java.base/jdk.internal.reflect.DelegatingConstructorAccessorImpl.newInstance(DelegatingConstructorAccessorImpl.java:45)
	at java.base/java.lang.reflect.Constructor.newInstance(Constructor.java:490)
	at io.cucumber.core.backend.DefaultObjectFactory.cacheNewInstance(DefaultObjectFactory.java:53)
	... 50 more
Caused by: org.openqa.selenium.NoSuchWindowException: no such window: target window already closed
from unknown error: web view not found
  (Session info: chrome=110.0.5481.178)
Build info: version: '4.8.1', revision: '8ebccac989'
System info: os.name: 'Windows 10', os.arch: 'amd64', os.version: '10.0', java.version: '11.0.16.1'
Driver info: org.openqa.selenium.chrome.ChromeDriver
Command: [5af4e898e203a60e22816564dd7a7520, maximizeCurrentWindow {}]
Capabilities {acceptInsecureCerts: false, browserName: chrome, browserVersion: 110.0.5481.178, chrome: {chromedriverVersion: 110.0.5481.77 (65ed616c6e8e..., userDataDir: C:\Users\Hp\AppData\Local\T...}, goog:chromeOptions: {debuggerAddress: localhost:57640}, networkConnectionEnabled: false, pageLoadStrategy: normal, platformName: WINDOWS, proxy: Proxy(), se:cdp: ws://localhost:57640/devtoo..., se:cdpVersion: 110.0.5481.178, setWindowRect: true, strictFileInteractability: false, timeouts: {implicit: 0, pageLoad: 300000, script: 30000}, unhandledPromptBehavior: dismiss and notify, webauthn:extension:credBlob: true, webauthn:extension:largeBlob: true, webauthn:virtualAuthenticators: true}
Session ID: 5af4e898e203a60e22816564dd7a7520
	at java.base/jdk.internal.reflect.NativeConstructorAccessorImpl.newInstance0(Native Method)
	at java.base/jdk.internal.reflect.NativeConstructorAccessorImpl.newInstance(NativeConstructorAccessorImpl.java:62)
	at java.base/jdk.internal.reflect.DelegatingConstructorAccessorImpl.newInstance(DelegatingConstructorAccessorImpl.java:45)
	at java.base/java.lang.reflect.Constructor.newInstance(Constructor.java:490)
	at org.openqa.selenium.remote.codec.w3c.W3CHttpResponseCodec.createException(W3CHttpResponseCodec.java:200)
	at org.openqa.selenium.remote.codec.w3c.W3CHttpResponseCodec.decode(W3CHttpResponseCodec.java:133)
	at org.openqa.selenium.remote.codec.w3c.W3CHttpResponseCodec.decode(W3CHttpResponseCodec.java:53)
	at org.openqa.selenium.remote.HttpCommandExecutor.execute(HttpCommandExecutor.java:184)
	at org.openqa.selenium.remote.service.DriverCommandExecutor.invokeExecute(DriverCommandExecutor.java:167)
	at org.openqa.selenium.remote.service.DriverCommandExecutor.execute(DriverCommandExecutor.java:142)
	at org.openqa.selenium.remote.RemoteWebDriver.execute(RemoteWebDriver.java:543)
	at org.openqa.selenium.remote.RemoteWebDriver.execute(RemoteWebDriver.java:598)
	at org.openqa.selenium.remote.RemoteWebDriver.execute(RemoteWebDriver.java:602)
	at org.openqa.selenium.remote.RemoteWebDriver$RemoteWebDriverOptions$RemoteWindow.maximize(RemoteWebDriver.java:954)
	at utilities.Driver.getDriver(Driver.java:54)
	at pages.HubcomfyLoginPage.<init>(HubcomfyLoginPage.java:12)
	at stepdefinitions.HubcomfyLoginStepDefinitions.<init>(HubcomfyLoginStepDefinitions.java:13)
	... 55 more

  Then Kullanici signin butonuna tiklar               # stepdefinitions.HubcomfyLoginStepDefinitions.kullanici_signin_butonuna_tiklar()
  Then Kullanici email girer                          # stepdefinitions.HubcomfyLoginStepDefinitions.kullanici_email_girer()
  Then Kullanici password girer                       # stepdefinitions.HubcomfyLoginStepDefinitions.kullanici_password_girer()
  Then Kullanici login butonuna tiklar                # stepdefinitions.HubcomfyLoginStepDefinitions.kullanici_login_butonuna_tiklar()
  Then Kullanici anasayfada oldugunu dogrular         # stepdefinitions.HubcomfyLoginStepDefinitions.kullanici_anasayfada_oldugunu_dogrular()
  Then Kullanici my account yazisina tiklar           # stepdefinitions.HubcomfyLoginStepDefinitions.kullanici_my_account_yazisina_tiklar()
  Then Kullanici address yazisina tiklar              # stepdefinitions.HubcomfyLoginStepDefinitions.kullanici_address_yazisina_tiklar()
  Then Kullanici edit buton yazisina tiklar           # stepdefinitions.HubcomfyLoginStepDefinitions.kullanici_edit_buton_yazisina_tiklar()
  Then Kullanici var olan onceki bilgileri siler      # stepdefinitions.VendorBillingAddressStepDefinitions.kullanici_var_olan_onceki_bilgileri_siler()
  Then Kullanici first name alanina "Ali" girer       # stepdefinitions.VendorBillingAddressStepDefinitions.kullanici_first_name_alanina_girer(java.lang.String)
  Then Kullanici last name alanina "Can" girer        # stepdefinitions.VendorBillingAddressStepDefinitions.kullanici_last_name_alanina_girer(java.lang.String)
  Then Kullanici company name alanina "Techpro" girer # stepdefinitions.VendorBillingAddressStepDefinitions.kullanici_company_name_alanina_girer(java.lang.String)
  Then Kullanici country alanini tiklar               # stepdefinitions.VendorBillingAddressStepDefinitions.kullanici_country_alanini_tiklar()
  Then Kullanici dropdown alanini tiklar              # stepdefinitions.VendorBillingAddressStepDefinitions.kullanici_dropdown_alanini_tiklar()
  Then Kullanici country alanina Turkey girer         # stepdefinitions.VendorBillingAddressStepDefinitions.kullaniciCountryAlaninaTurkeyGirer()
  Then Kullanici street1 alanina "Sevgi mah" girer    # stepdefinitions.VendorBillingAddressStepDefinitions.kullanici_street1_alanina_girer(java.lang.String)
  Then Kullanici street2 alanina "" girer             # stepdefinitions.VendorBillingAddressStepDefinitions.kullanici_street2_alanina_girer(java.lang.String)
  Then Kullanici zipcode alanina "12345" girer        # stepdefinitions.VendorBillingAddressStepDefinitions.kullanici_zipcode_alanina_girer(java.lang.String)
  Then Kullanici town city alanina "Ceyhan" girer     # stepdefinitions.VendorBillingAddressStepDefinitions.kullanici_town_city_alanina_girer(java.lang.String)
  Then Kullanici province alanini tiklar              # stepdefinitions.VendorBillingAddressStepDefinitions.kullanici_province_alanini_tiklar()
  Then Kullanici province dropdownu tiklar            # stepdefinitions.VendorBillingAddressStepDefinitions.kullanici_province_dropdownu_tiklar()
  Then Kullanici province alanina Adana girer         # stepdefinitions.VendorBillingAddressStepDefinitions.kullaniciProvinceAlaninaAdanaGirer()
  Then Kullanici phone alanina "0555 444 33 22" girer # stepdefinitions.VendorBillingAddressStepDefinitions.kullanici_phone_alanina_girer(java.lang.String)
  Then Kullanici save butonuna tiklar                 # stepdefinitions.VendorBillingAddressStepDefinitions.kullanici_save_butonuna_tiklar()
  Then Kullanici driveri kapatir                      # stepdefinitions.VendorBillingAddressStepDefinitions.kullaniciDriveriKapatir()
]]></system-out>
  </testcase>
  <testcase name="vendor_billing_address_olusturma #8" classname="Hubcomfy Vendor Billing Address Olusturma" time="0.064">
    <error message="Failed to instantiate class stepdefinitions.HubcomfyLoginStepDefinitions" type="io.cucumber.core.exception.CucumberException">io.cucumber.core.exception.CucumberException: Failed to instantiate class stepdefinitions.HubcomfyLoginStepDefinitions
Caused by: java.lang.reflect.InvocationTargetException
Caused by: org.openqa.selenium.NoSuchWindowException: 
no such window: target window already closed
from unknown error: web view not found
  (Session info: chrome=110.0.5481.178)
Build info: version: '4.8.1', revision: '8ebccac989'
System info: os.name: 'Windows 10', os.arch: 'amd64', os.version: '10.0', java.version: '11.0.16.1'
Driver info: org.openqa.selenium.chrome.ChromeDriver
Command: [5af4e898e203a60e22816564dd7a7520, maximizeCurrentWindow {}]
Capabilities {acceptInsecureCerts: false, browserName: chrome, browserVersion: 110.0.5481.178, chrome: {chromedriverVersion: 110.0.5481.77 (65ed616c6e8e..., userDataDir: C:\Users\Hp\AppData\Local\T...}, goog:chromeOptions: {debuggerAddress: localhost:57640}, networkConnectionEnabled: false, pageLoadStrategy: normal, platformName: WINDOWS, proxy: Proxy(), se:cdp: ws://localhost:57640/devtoo..., se:cdpVersion: 110.0.5481.178, setWindowRect: true, strictFileInteractability: false, timeouts: {implicit: 0, pageLoad: 300000, script: 30000}, unhandledPromptBehavior: dismiss and notify, webauthn:extension:credBlob: true, webauthn:extension:largeBlob: true, webauthn:virtualAuthenticators: true}
Session ID: 5af4e898e203a60e22816564dd7a7520
</error>
    <system-out><![CDATA[
@billing_address @testrunner
Scenario Outline: vendor_billing_address_olusturma    # src/test/resources/features/vendorbillingaddress.feature:46
  Given Kullanici Hubcomfy sayfasina gider            # stepdefinitions.HubcomfyLoginStepDefinitions.kullanici_hubcomfy_sayfasina_gider()
      io.cucumber.core.exception.CucumberException: Failed to instantiate class stepdefinitions.HubcomfyLoginStepDefinitions
	at io.cucumber.core.backend.DefaultObjectFactory.cacheNewInstance(DefaultObjectFactory.java:67)
	at io.cucumber.core.backend.DefaultObjectFactory.getInstance(DefaultObjectFactory.java:45)
	at io.cucumber.java.AbstractGlueDefinition.invokeMethod(AbstractGlueDefinition.java:47)
	at io.cucumber.java.JavaStepDefinition.execute(JavaStepDefinition.java:29)
	at io.cucumber.core.runner.CoreStepDefinition.execute(CoreStepDefinition.java:66)
	at io.cucumber.core.runner.PickleStepDefinitionMatch.runStep(PickleStepDefinitionMatch.java:63)
	at io.cucumber.core.runner.ExecutionMode$1.execute(ExecutionMode.java:10)
	at io.cucumber.core.runner.TestStep.executeStep(TestStep.java:84)
	at io.cucumber.core.runner.TestStep.run(TestStep.java:56)
	at io.cucumber.core.runner.PickleStepTestStep.run(PickleStepTestStep.java:51)
	at io.cucumber.core.runner.TestCase.run(TestCase.java:84)
	at io.cucumber.core.runner.Runner.runPickle(Runner.java:75)
	at io.cucumber.junit.PickleRunners$NoStepDescriptions.lambda$run$0(PickleRunners.java:151)
	at io.cucumber.core.runtime.CucumberExecutionContext.lambda$runTestCase$5(CucumberExecutionContext.java:130)
	at io.cucumber.core.runtime.RethrowingThrowableCollector.executeAndThrow(RethrowingThrowableCollector.java:23)
	at io.cucumber.core.runtime.CucumberExecutionContext.runTestCase(CucumberExecutionContext.java:130)
	at io.cucumber.junit.PickleRunners$NoStepDescriptions.run(PickleRunners.java:148)
	at io.cucumber.junit.FeatureRunner.runChild(FeatureRunner.java:144)
	at io.cucumber.junit.FeatureRunner.runChild(FeatureRunner.java:28)
	at org.junit.runners.ParentRunner$4.run(ParentRunner.java:331)
	at org.junit.runners.ParentRunner$1.schedule(ParentRunner.java:79)
	at org.junit.runners.ParentRunner.runChildren(ParentRunner.java:329)
	at org.junit.runners.ParentRunner.access$100(ParentRunner.java:66)
	at org.junit.runners.ParentRunner$2.evaluate(ParentRunner.java:293)
	at org.junit.runners.ParentRunner$3.evaluate(ParentRunner.java:306)
	at org.junit.runners.ParentRunner.run(ParentRunner.java:413)
	at io.cucumber.junit.FeatureRunner.run(FeatureRunner.java:137)
	at io.cucumber.junit.Cucumber.runChild(Cucumber.java:196)
	at io.cucumber.junit.Cucumber.runChild(Cucumber.java:89)
	at org.junit.runners.ParentRunner$4.run(ParentRunner.java:331)
	at org.apache.maven.surefire.junitcore.pc.Scheduler$1.run(Scheduler.java:405)
	at org.apache.maven.surefire.junitcore.pc.InvokerStrategy.schedule(InvokerStrategy.java:54)
	at org.apache.maven.surefire.junitcore.pc.Scheduler.schedule(Scheduler.java:362)
[...]
	at java.base/jdk.internal.reflect.NativeConstructorAccessorImpl.newInstance0(Native Method)
	at java.base/jdk.internal.reflect.NativeConstructorAccessorImpl.newInstance(NativeConstructorAccessorImpl.java:62)
	at java.base/jdk.internal.reflect.DelegatingConstructorAccessorImpl.newInstance(DelegatingConstructorAccessorImpl.java:45)
	at java.base/java.lang.reflect.Constructor.newInstance(Constructor.java:490)
	at io.cucumber.core.backend.DefaultObjectFactory.cacheNewInstance(DefaultObjectFactory.java:53)
	... 50 more
Caused by: org.openqa.selenium.NoSuchWindowException: no such window: target window already closed
from unknown error: web view not found
  (Session info: chrome=110.0.5481.178)
Build info: version: '4.8.1', revision: '8ebccac989'
System info: os.name: 'Windows 10', os.arch: 'amd64', os.version: '10.0', java.version: '11.0.16.1'
Driver info: org.openqa.selenium.chrome.ChromeDriver
Command: [5af4e898e203a60e22816564dd7a7520, maximizeCurrentWindow {}]
Capabilities {acceptInsecureCerts: false, browserName: chrome, browserVersion: 110.0.5481.178, chrome: {chromedriverVersion: 110.0.5481.77 (65ed616c6e8e..., userDataDir: C:\Users\Hp\AppData\Local\T...}, goog:chromeOptions: {debuggerAddress: localhost:57640}, networkConnectionEnabled: false, pageLoadStrategy: normal, platformName: WINDOWS, proxy: Proxy(), se:cdp: ws://localhost:57640/devtoo..., se:cdpVersion: 110.0.5481.178, setWindowRect: true, strictFileInteractability: false, timeouts: {implicit: 0, pageLoad: 300000, script: 30000}, unhandledPromptBehavior: dismiss and notify, webauthn:extension:credBlob: true, webauthn:extension:largeBlob: true, webauthn:virtualAuthenticators: true}
Session ID: 5af4e898e203a60e22816564dd7a7520
	at java.base/jdk.internal.reflect.NativeConstructorAccessorImpl.newInstance0(Native Method)
	at java.base/jdk.internal.reflect.NativeConstructorAccessorImpl.newInstance(NativeConstructorAccessorImpl.java:62)
	at java.base/jdk.internal.reflect.DelegatingConstructorAccessorImpl.newInstance(DelegatingConstructorAccessorImpl.java:45)
	at java.base/java.lang.reflect.Constructor.newInstance(Constructor.java:490)
	at org.openqa.selenium.remote.codec.w3c.W3CHttpResponseCodec.createException(W3CHttpResponseCodec.java:200)
	at org.openqa.selenium.remote.codec.w3c.W3CHttpResponseCodec.decode(W3CHttpResponseCodec.java:133)
	at org.openqa.selenium.remote.codec.w3c.W3CHttpResponseCodec.decode(W3CHttpResponseCodec.java:53)
	at org.openqa.selenium.remote.HttpCommandExecutor.execute(HttpCommandExecutor.java:184)
	at org.openqa.selenium.remote.service.DriverCommandExecutor.invokeExecute(DriverCommandExecutor.java:167)
	at org.openqa.selenium.remote.service.DriverCommandExecutor.execute(DriverCommandExecutor.java:142)
	at org.openqa.selenium.remote.RemoteWebDriver.execute(RemoteWebDriver.java:543)
	at org.openqa.selenium.remote.RemoteWebDriver.execute(RemoteWebDriver.java:598)
	at org.openqa.selenium.remote.RemoteWebDriver.execute(RemoteWebDriver.java:602)
	at org.openqa.selenium.remote.RemoteWebDriver$RemoteWebDriverOptions$RemoteWindow.maximize(RemoteWebDriver.java:954)
	at utilities.Driver.getDriver(Driver.java:54)
	at pages.HubcomfyLoginPage.<init>(HubcomfyLoginPage.java:12)
	at stepdefinitions.HubcomfyLoginStepDefinitions.<init>(HubcomfyLoginStepDefinitions.java:13)
	... 55 more

  Then Kullanici signin butonuna tiklar               # stepdefinitions.HubcomfyLoginStepDefinitions.kullanici_signin_butonuna_tiklar()
  Then Kullanici email girer                          # stepdefinitions.HubcomfyLoginStepDefinitions.kullanici_email_girer()
  Then Kullanici password girer                       # stepdefinitions.HubcomfyLoginStepDefinitions.kullanici_password_girer()
  Then Kullanici login butonuna tiklar                # stepdefinitions.HubcomfyLoginStepDefinitions.kullanici_login_butonuna_tiklar()
  Then Kullanici anasayfada oldugunu dogrular         # stepdefinitions.HubcomfyLoginStepDefinitions.kullanici_anasayfada_oldugunu_dogrular()
  Then Kullanici my account yazisina tiklar           # stepdefinitions.HubcomfyLoginStepDefinitions.kullanici_my_account_yazisina_tiklar()
  Then Kullanici address yazisina tiklar              # stepdefinitions.HubcomfyLoginStepDefinitions.kullanici_address_yazisina_tiklar()
  Then Kullanici edit buton yazisina tiklar           # stepdefinitions.HubcomfyLoginStepDefinitions.kullanici_edit_buton_yazisina_tiklar()
  Then Kullanici var olan onceki bilgileri siler      # stepdefinitions.VendorBillingAddressStepDefinitions.kullanici_var_olan_onceki_bilgileri_siler()
  Then Kullanici first name alanina "Ali" girer       # stepdefinitions.VendorBillingAddressStepDefinitions.kullanici_first_name_alanina_girer(java.lang.String)
  Then Kullanici last name alanina "Can" girer        # stepdefinitions.VendorBillingAddressStepDefinitions.kullanici_last_name_alanina_girer(java.lang.String)
  Then Kullanici company name alanina "Techpro" girer # stepdefinitions.VendorBillingAddressStepDefinitions.kullanici_company_name_alanina_girer(java.lang.String)
  Then Kullanici country alanini tiklar               # stepdefinitions.VendorBillingAddressStepDefinitions.kullanici_country_alanini_tiklar()
  Then Kullanici dropdown alanini tiklar              # stepdefinitions.VendorBillingAddressStepDefinitions.kullanici_dropdown_alanini_tiklar()
  Then Kullanici country alanina Turkey girer         # stepdefinitions.VendorBillingAddressStepDefinitions.kullaniciCountryAlaninaTurkeyGirer()
  Then Kullanici street1 alanina "Sevgi mah" girer    # stepdefinitions.VendorBillingAddressStepDefinitions.kullanici_street1_alanina_girer(java.lang.String)
  Then Kullanici street2 alanina "Vefa sok." girer    # stepdefinitions.VendorBillingAddressStepDefinitions.kullanici_street2_alanina_girer(java.lang.String)
  Then Kullanici zipcode alanina "12345" girer        # stepdefinitions.VendorBillingAddressStepDefinitions.kullanici_zipcode_alanina_girer(java.lang.String)
  Then Kullanici town city alanina "Ceyhan" girer     # stepdefinitions.VendorBillingAddressStepDefinitions.kullanici_town_city_alanina_girer(java.lang.String)
  Then Kullanici province alanini tiklar              # stepdefinitions.VendorBillingAddressStepDefinitions.kullanici_province_alanini_tiklar()
  Then Kullanici province dropdownu tiklar            # stepdefinitions.VendorBillingAddressStepDefinitions.kullanici_province_dropdownu_tiklar()
  Then Kullanici province alanina Adana girer         # stepdefinitions.VendorBillingAddressStepDefinitions.kullaniciProvinceAlaninaAdanaGirer()
  Then Kullanici phone alanina "0555 444 33 22" girer # stepdefinitions.VendorBillingAddressStepDefinitions.kullanici_phone_alanina_girer(java.lang.String)
  Then Kullanici save butonuna tiklar                 # stepdefinitions.VendorBillingAddressStepDefinitions.kullanici_save_butonuna_tiklar()
  Then Kullanici driveri kapatir                      # stepdefinitions.VendorBillingAddressStepDefinitions.kullaniciDriveriKapatir()
]]></system-out>
  </testcase>
  <testcase name="vendor_billing_address_olusturma #11" classname="Hubcomfy Vendor Billing Address Olusturma" time="0.048">
    <error message="Failed to instantiate class stepdefinitions.HubcomfyLoginStepDefinitions" type="io.cucumber.core.exception.CucumberException">io.cucumber.core.exception.CucumberException: Failed to instantiate class stepdefinitions.HubcomfyLoginStepDefinitions
Caused by: java.lang.reflect.InvocationTargetException
Caused by: org.openqa.selenium.NoSuchWindowException: 
no such window: target window already closed
from unknown error: web view not found
  (Session info: chrome=110.0.5481.178)
Build info: version: '4.8.1', revision: '8ebccac989'
System info: os.name: 'Windows 10', os.arch: 'amd64', os.version: '10.0', java.version: '11.0.16.1'
Driver info: org.openqa.selenium.chrome.ChromeDriver
Command: [5af4e898e203a60e22816564dd7a7520, maximizeCurrentWindow {}]
Capabilities {acceptInsecureCerts: false, browserName: chrome, browserVersion: 110.0.5481.178, chrome: {chromedriverVersion: 110.0.5481.77 (65ed616c6e8e..., userDataDir: C:\Users\Hp\AppData\Local\T...}, goog:chromeOptions: {debuggerAddress: localhost:57640}, networkConnectionEnabled: false, pageLoadStrategy: normal, platformName: WINDOWS, proxy: Proxy(), se:cdp: ws://localhost:57640/devtoo..., se:cdpVersion: 110.0.5481.178, setWindowRect: true, strictFileInteractability: false, timeouts: {implicit: 0, pageLoad: 300000, script: 30000}, unhandledPromptBehavior: dismiss and notify, webauthn:extension:credBlob: true, webauthn:extension:largeBlob: true, webauthn:virtualAuthenticators: true}
Session ID: 5af4e898e203a60e22816564dd7a7520
</error>
    <system-out><![CDATA[
@billing_address @testrunner
Scenario Outline: vendor_billing_address_olusturma    # src/test/resources/features/vendorbillingaddress.feature:49
  Given Kullanici Hubcomfy sayfasina gider            # stepdefinitions.HubcomfyLoginStepDefinitions.kullanici_hubcomfy_sayfasina_gider()
      io.cucumber.core.exception.CucumberException: Failed to instantiate class stepdefinitions.HubcomfyLoginStepDefinitions
	at io.cucumber.core.backend.DefaultObjectFactory.cacheNewInstance(DefaultObjectFactory.java:67)
	at io.cucumber.core.backend.DefaultObjectFactory.getInstance(DefaultObjectFactory.java:45)
	at io.cucumber.java.AbstractGlueDefinition.invokeMethod(AbstractGlueDefinition.java:47)
	at io.cucumber.java.JavaStepDefinition.execute(JavaStepDefinition.java:29)
	at io.cucumber.core.runner.CoreStepDefinition.execute(CoreStepDefinition.java:66)
	at io.cucumber.core.runner.PickleStepDefinitionMatch.runStep(PickleStepDefinitionMatch.java:63)
	at io.cucumber.core.runner.ExecutionMode$1.execute(ExecutionMode.java:10)
	at io.cucumber.core.runner.TestStep.executeStep(TestStep.java:84)
	at io.cucumber.core.runner.TestStep.run(TestStep.java:56)
	at io.cucumber.core.runner.PickleStepTestStep.run(PickleStepTestStep.java:51)
	at io.cucumber.core.runner.TestCase.run(TestCase.java:84)
	at io.cucumber.core.runner.Runner.runPickle(Runner.java:75)
	at io.cucumber.junit.PickleRunners$NoStepDescriptions.lambda$run$0(PickleRunners.java:151)
	at io.cucumber.core.runtime.CucumberExecutionContext.lambda$runTestCase$5(CucumberExecutionContext.java:130)
	at io.cucumber.core.runtime.RethrowingThrowableCollector.executeAndThrow(RethrowingThrowableCollector.java:23)
	at io.cucumber.core.runtime.CucumberExecutionContext.runTestCase(CucumberExecutionContext.java:130)
	at io.cucumber.junit.PickleRunners$NoStepDescriptions.run(PickleRunners.java:148)
	at io.cucumber.junit.FeatureRunner.runChild(FeatureRunner.java:144)
	at io.cucumber.junit.FeatureRunner.runChild(FeatureRunner.java:28)
	at org.junit.runners.ParentRunner$4.run(ParentRunner.java:331)
	at org.junit.runners.ParentRunner$1.schedule(ParentRunner.java:79)
	at org.junit.runners.ParentRunner.runChildren(ParentRunner.java:329)
	at org.junit.runners.ParentRunner.access$100(ParentRunner.java:66)
	at org.junit.runners.ParentRunner$2.evaluate(ParentRunner.java:293)
	at org.junit.runners.ParentRunner$3.evaluate(ParentRunner.java:306)
	at org.junit.runners.ParentRunner.run(ParentRunner.java:413)
	at io.cucumber.junit.FeatureRunner.run(FeatureRunner.java:137)
	at io.cucumber.junit.Cucumber.runChild(Cucumber.java:196)
	at io.cucumber.junit.Cucumber.runChild(Cucumber.java:89)
	at org.junit.runners.ParentRunner$4.run(ParentRunner.java:331)
	at org.apache.maven.surefire.junitcore.pc.Scheduler$1.run(Scheduler.java:405)
	at org.apache.maven.surefire.junitcore.pc.InvokerStrategy.schedule(InvokerStrategy.java:54)
	at org.apache.maven.surefire.junitcore.pc.Scheduler.schedule(Scheduler.java:362)
	at org.junit.runners.ParentRunner.runChildren(ParentRunner.java:329)
	at org.junit.runners.ParentRunner.access$100(ParentRunner.java:66)
	at org.junit.runners.ParentRunner$2.evaluate(ParentRunner.java:293)
	at io.cucumber.junit.Cucumber$RunBeforeAllHooks.evaluate(Cucumber.java:266)
	at io.cucumber.junit.Cucumber$RunAfterAllHooks.evaluate(Cucumber.java:281)
	at io.cucumber.junit.Cucumber$StartTestRun.evaluate(Cucumber.java:233)
	at io.cucumber.junit.Cucumber$FinishTestRun.evaluate(Cucumber.java:248)
	at org.junit.runners.ParentRunner$3.evaluate(ParentRunner.java:306)
	at org.junit.runners.ParentRunner.run(ParentRunner.java:413)
	at org.junit.runners.Suite.runChild(Suite.java:128)
	at org.junit.runners.Suite.runChild(Suite.java:27)
	at org.junit.runners.ParentRunner$4.run(ParentRunner.java:331)
	at org.apache.maven.surefire.junitcore.pc.Scheduler$1.run(Scheduler.java:405)
	at java.base/java.util.concurrent.Executors$RunnableAdapter.call(Executors.java:515)
	at java.base/java.util.concurrent.FutureTask.run(FutureTask.java:264)
	at java.base/java.util.concurrent.ThreadPoolExecutor.runWorker(ThreadPoolExecutor.java:1128)
	at java.base/java.util.concurrent.ThreadPoolExecutor$Worker.run(ThreadPoolExecutor.java:628)
	at java.base/java.lang.Thread.run(Thread.java:834)
Caused by: java.lang.reflect.InvocationTargetException
	at java.base/jdk.internal.reflect.NativeConstructorAccessorImpl.newInstance0(Native Method)
	at java.base/jdk.internal.reflect.NativeConstructorAccessorImpl.newInstance(NativeConstructorAccessorImpl.java:62)
	at java.base/jdk.internal.reflect.DelegatingConstructorAccessorImpl.newInstance(DelegatingConstructorAccessorImpl.java:45)
	at java.base/java.lang.reflect.Constructor.newInstance(Constructor.java:490)
	at io.cucumber.core.backend.DefaultObjectFactory.cacheNewInstance(DefaultObjectFactory.java:53)
	... 50 more
Caused by: org.openqa.selenium.NoSuchWindowException: no such window: target window already closed
from unknown error: web view not found
  (Session info: chrome=110.0.5481.178)
Build info: version: '4.8.1', revision: '8ebccac989'
System info: os.name: 'Windows 10', os.arch: 'amd64', os.version: '10.0', java.version: '11.0.16.1'
Driver info: org.openqa.selenium.chrome.ChromeDriver
Command: [5af4e898e203a60e22816564dd7a7520, maximizeCurrentWindow {}]
Capabilities {acceptInsecureCerts: false, browserName: chrome, browserVersion: 110.0.5481.178, chrome: {chromedriverVersion: 110.0.5481.77 (65ed616c6e8e..., userDataDir: C:\Users\Hp\AppData\Local\T...}, goog:chromeOptions: {debuggerAddress: localhost:57640}, networkConnectionEnabled: false, pageLoadStrategy: normal, platformName: WINDOWS, proxy: Proxy(), se:cdp: ws://localhost:57640/devtoo..., se:cdpVersion: 110.0.5481.178, setWindowRect: true, strictFileInteractability: false, timeouts: {implicit: 0, pageLoad: 300000, script: 30000}, unhandledPromptBehavior: dismiss and notify, webauthn:extension:credBlob: true, webauthn:extension:largeBlob: true, webauthn:virtualAuthenticators: true}
Session ID: 5af4e898e203a60e22816564dd7a7520
	at java.base/jdk.internal.reflect.NativeConstructorAccessorImpl.newInstance0(Native Method)
	at java.base/jdk.internal.reflect.NativeConstructorAccessorImpl.newInstance(NativeConstructorAccessorImpl.java:62)
	at java.base/jdk.internal.reflect.DelegatingConstructorAccessorImpl.newInstance(DelegatingConstructorAccessorImpl.java:45)
	at java.base/java.lang.reflect.Constructor.newInstance(Constructor.java:490)
	at org.openqa.selenium.remote.codec.w3c.W3CHttpResponseCodec.createException(W3CHttpResponseCodec.java:200)
	at org.openqa.selenium.remote.codec.w3c.W3CHttpResponseCodec.decode(W3CHttpResponseCodec.java:133)
	at org.openqa.selenium.remote.codec.w3c.W3CHttpResponseCodec.decode(W3CHttpResponseCodec.java:53)
	at org.openqa.selenium.remote.HttpCommandExecutor.execute(HttpCommandExecutor.java:184)
	at org.openqa.selenium.remote.service.DriverCommandExecutor.invokeExecute(DriverCommandExecutor.java:167)
	at org.openqa.selenium.remote.service.DriverCommandExecutor.execute(DriverCommandExecutor.java:142)
	at org.openqa.selenium.remote.RemoteWebDriver.execute(RemoteWebDriver.java:543)
	at org.openqa.selenium.remote.RemoteWebDriver.execute(RemoteWebDriver.java:598)
	at org.openqa.selenium.remote.RemoteWebDriver.execute(RemoteWebDriver.java:602)
	at org.openqa.selenium.remote.RemoteWebDriver$RemoteWebDriverOptions$RemoteWindow.maximize(RemoteWebDriver.java:954)
	at utilities.Driver.getDriver(Driver.java:54)
	at pages.HubcomfyLoginPage.<init>(HubcomfyLoginPage.java:12)
	at stepdefinitions.HubcomfyLoginStepDefinitions.<init>(HubcomfyLoginStepDefinitions.java:13)
	... 55 more

  Then Kullanici signin butonuna tiklar               # stepdefinitions.HubcomfyLoginStepDefinitions.kullanici_signin_butonuna_tiklar()
  Then Kullanici email girer                          # stepdefinitions.HubcomfyLoginStepDefinitions.kullanici_email_girer()
  Then Kullanici password girer                       # stepdefinitions.HubcomfyLoginStepDefinitions.kullanici_password_girer()
  Then Kullanici login butonuna tiklar                # stepdefinitions.HubcomfyLoginStepDefinitions.kullanici_login_butonuna_tiklar()
  Then Kullanici anasayfada oldugunu dogrular         # stepdefinitions.HubcomfyLoginStepDefinitions.kullanici_anasayfada_oldugunu_dogrular()
  Then Kullanici my account yazisina tiklar           # stepdefinitions.HubcomfyLoginStepDefinitions.kullanici_my_account_yazisina_tiklar()
  Then Kullanici address yazisina tiklar              # stepdefinitions.HubcomfyLoginStepDefinitions.kullanici_address_yazisina_tiklar()
  Then Kullanici edit buton yazisina tiklar           # stepdefinitions.HubcomfyLoginStepDefinitions.kullanici_edit_buton_yazisina_tiklar()
  Then Kullanici var olan onceki bilgileri siler      # stepdefinitions.VendorBillingAddressStepDefinitions.kullanici_var_olan_onceki_bilgileri_siler()
  Then Kullanici first name alanina "Ali" girer       # stepdefinitions.VendorBillingAddressStepDefinitions.kullanici_first_name_alanina_girer(java.lang.String)
  Then Kullanici last name alanina "Can" girer        # stepdefinitions.VendorBillingAddressStepDefinitions.kullanici_last_name_alanina_girer(java.lang.String)
  Then Kullanici company name alanina "Techpro" girer # stepdefinitions.VendorBillingAddressStepDefinitions.kullanici_company_name_alanina_girer(java.lang.String)
  Then Kullanici country alanini tiklar               # stepdefinitions.VendorBillingAddressStepDefinitions.kullanici_country_alanini_tiklar()
  Then Kullanici dropdown alanini tiklar              # stepdefinitions.VendorBillingAddressStepDefinitions.kullanici_dropdown_alanini_tiklar()
  Then Kullanici country alanina Turkey girer         # stepdefinitions.VendorBillingAddressStepDefinitions.kullaniciCountryAlaninaTurkeyGirer()
  Then Kullanici street1 alanina "Sevgi mah" girer    # stepdefinitions.VendorBillingAddressStepDefinitions.kullanici_street1_alanina_girer(java.lang.String)
  Then Kullanici street2 alanina "Vefa sok." girer    # stepdefinitions.VendorBillingAddressStepDefinitions.kullanici_street2_alanina_girer(java.lang.String)
  Then Kullanici zipcode alanina "12345" girer        # stepdefinitions.VendorBillingAddressStepDefinitions.kullanici_zipcode_alanina_girer(java.lang.String)
  Then Kullanici town city alanina "Ceyhan" girer     # stepdefinitions.VendorBillingAddressStepDefinitions.kullanici_town_city_alanina_girer(java.lang.String)
  Then Kullanici province alanini tiklar              # stepdefinitions.VendorBillingAddressStepDefinitions.kullanici_province_alanini_tiklar()
  Then Kullanici province dropdownu tiklar            # stepdefinitions.VendorBillingAddressStepDefinitions.kullanici_province_dropdownu_tiklar()
  Then Kullanici province alanina Adana girer         # stepdefinitions.VendorBillingAddressStepDefinitions.kullaniciProvinceAlaninaAdanaGirer()
  Then Kullanici phone alanina "" girer               # stepdefinitions.VendorBillingAddressStepDefinitions.kullanici_phone_alanina_girer(java.lang.String)
  Then Kullanici save butonuna tiklar                 # stepdefinitions.VendorBillingAddressStepDefinitions.kullanici_save_butonuna_tiklar()
  Then Kullanici driveri kapatir                      # stepdefinitions.VendorBillingAddressStepDefinitions.kullaniciDriveriKapatir()
]]></system-out>
  </testcase>
</testsuite>